<?xml version="1.0" encoding="UTF-8"?>
<testsuite xmlns:xsi="http://www.w3.org/2001/XMLSchema-instance" xsi:noNamespaceSchemaLocation="https://maven.apache.org/surefire/maven-surefire-plugin/xsd/surefire-test-report.xsd" name="com.amadeus.jira.plugin.issueview_field_allcustom_workaround.AllCustomFieldSwallowingServletRequestTest" time="0.356" tests="4" errors="0" skipped="0" failures="0">
  <properties>
    <property name="java.specification.version" value="14"/>
    <property name="sun.cpu.isalist" value="amd64"/>
    <property name="sun.jnu.encoding" value="Cp1252"/>
    <property name="java.class.path" value="D:\github\confluence jira custom field workaround\Confluence-Jira-Macro-customfields-workaround\target\test-classes;D:\github\confluence jira custom field workaround\Confluence-Jira-Macro-customfields-workaround\target\classes;C:\Users\Jarrod\.m2\repository\com\atlassian\jira\jira-api\8.5.0\jira-api-8.5.0.jar;C:\Users\Jarrod\.m2\repository\com\atlassian\annotations\atlassian-annotations\2.1.0\atlassian-annotations-2.1.0.jar;C:\Users\Jarrod\.m2\repository\com\google\code\findbugs\jsr305\3.0.0\jsr305-3.0.0.jar;C:\Users\Jarrod\.m2\repository\com\atlassian\ofbiz\entityengine-share\1.4.0\entityengine-share-1.4.0.jar;C:\Users\Jarrod\.m2\repository\com\atlassian\ofbiz\entityengine\1.4.0\entityengine-1.4.0.jar;C:\Users\Jarrod\.m2\repository\jta\jta\1.0.1\jta-1.0.1.jar;C:\Users\Jarrod\.m2\repository\com\atlassian\collectors\atlassian-collectors-util\1.1\atlassian-collectors-util-1.1.jar;C:\Users\Jarrod\.m2\repository\opensymphony\webwork\1.4-atlassian-30\webwork-1.4-atlassian-30.jar;C:\Users\Jarrod\.m2\repository\com\atlassian\html\atlassian-html-encoder\1.4\atlassian-html-encoder-1.4.jar;C:\Users\Jarrod\.m2\repository\webwork\pell-multipart-request\1.31.0\pell-multipart-request-1.31.0.jar;C:\Users\Jarrod\.m2\repository\com\atlassian\core\atlassian-core\7.0.0\atlassian-core-7.0.0.jar;C:\Users\Jarrod\.m2\repository\com\atlassian\image\atlassian-image-consumer\1.0.1\atlassian-image-consumer-1.0.1.jar;C:\Users\Jarrod\.m2\repository\com\atlassian\core\atlassian-core-user\7.0.0\atlassian-core-user-7.0.0.jar;C:\Users\Jarrod\.m2\repository\com\atlassian\core\atlassian-core-thumbnail\7.0.0\atlassian-core-thumbnail-7.0.0.jar;C:\Users\Jarrod\.m2\repository\com\twelvemonkeys\imageio\imageio-jpeg\3.4.1\imageio-jpeg-3.4.1.jar;C:\Users\Jarrod\.m2\repository\com\twelvemonkeys\imageio\imageio-core\3.4.1\imageio-core-3.4.1.jar;C:\Users\Jarrod\.m2\repository\com\twelvemonkeys\imageio\imageio-metadata\3.4.1\imageio-metadata-3.4.1.jar;C:\Users\Jarrod\.m2\repository\com\twelvemonkeys\common\common-lang\3.4.1\common-lang-3.4.1.jar;C:\Users\Jarrod\.m2\repository\com\twelvemonkeys\common\common-io\3.4.1\common-io-3.4.1.jar;C:\Users\Jarrod\.m2\repository\com\twelvemonkeys\common\common-image\3.4.1\common-image-3.4.1.jar;C:\Users\Jarrod\.m2\repository\com\twelvemonkeys\imageio\imageio-tiff\3.4.1\imageio-tiff-3.4.1.jar;C:\Users\Jarrod\.m2\repository\com\atlassian\extras\atlassian-extras\3.2\atlassian-extras-3.2.jar;C:\Users\Jarrod\.m2\repository\com\atlassian\velocity\atlassian-velocity\1.3\atlassian-velocity-1.3.jar;C:\Users\Jarrod\.m2\repository\org\apache\velocity\velocity\1.6.4\velocity-1.6.4.jar;C:\Users\Jarrod\.m2\repository\osworkflow\osworkflow\2.9.0-atlassian-1\osworkflow-2.9.0-atlassian-1.jar;C:\Users\Jarrod\.m2\repository\opensymphony\propertyset\1.5\propertyset-1.5.jar;C:\Users\Jarrod\.m2\repository\com\atlassian\cache\atlassian-cache-api\4.0.0\atlassian-cache-api-4.0.0.jar;C:\Users\Jarrod\.m2\repository\com\atlassian\instrumentation\atlassian-instrumentation-core\3.0.0\atlassian-instrumentation-core-3.0.0.jar;C:\Users\Jarrod\.m2\repository\com\atlassian\beehive\beehive-api\4.0.1\beehive-api-4.0.1.jar;C:\Users\Jarrod\.m2\repository\com\atlassian\tenancy\atlassian-tenancy-api\3.0.1\atlassian-tenancy-api-3.0.1.jar;C:\Users\Jarrod\.m2\repository\com\atlassian\event\atlassian-event\4.0.0\atlassian-event-4.0.0.jar;C:\Users\Jarrod\.m2\repository\com\atlassian\upgrade\upgrade-task-framework-api\2.0.2\upgrade-task-framework-api-2.0.2.jar;C:\Users\Jarrod\.m2\repository\com\atlassian\crowd\embedded-crowd-api\2.10.5-j11\embedded-crowd-api-2.10.5-j11.jar;C:\Users\Jarrod\.m2\repository\com\google\guava\guava\26.0-jre\guava-26.0-jre.jar;C:\Users\Jarrod\.m2\repository\org\checkerframework\checker-qual\2.5.2\checker-qual-2.5.2.jar;C:\Users\Jarrod\.m2\repository\com\google\errorprone\error_prone_annotations\2.1.3\error_prone_annotations-2.1.3.jar;C:\Users\Jarrod\.m2\repository\com\google\j2objc\j2objc-annotations\1.1\j2objc-annotations-1.1.jar;C:\Users\Jarrod\.m2\repository\org\codehaus\mojo\animal-sniffer-annotations\1.14\animal-sniffer-annotations-1.14.jar;C:\Users\Jarrod\.m2\repository\com\atlassian\fugue\fugue\2.7.0\fugue-2.7.0.jar;C:\Users\Jarrod\.m2\repository\io\atlassian\fugue\fugue\4.7.2\fugue-4.7.2.jar;C:\Users\Jarrod\.m2\repository\org\codehaus\jackson\jackson-core-asl\1.9.13-atlassian-3\jackson-core-asl-1.9.13-atlassian-3.jar;C:\Users\Jarrod\.m2\repository\org\codehaus\jackson\jackson-mapper-asl\1.9.13-atlassian-3\jackson-mapper-asl-1.9.13-atlassian-3.jar;C:\Users\Jarrod\.m2\repository\javax\mail\javax.mail-api\1.6.0\javax.mail-api-1.6.0.jar;C:\Users\Jarrod\.m2\repository\com\sun\mail\javax.mail\1.6.0\javax.mail-1.6.0.jar;C:\Users\Jarrod\.m2\repository\com\atlassian\mail\atlassian-mail\5.0.0\atlassian-mail-5.0.0.jar;C:\Users\Jarrod\.m2\repository\commons-beanutils\commons-beanutils\1.6.1\commons-beanutils-1.6.1.jar;C:\Users\Jarrod\.m2\repository\commons-digester\commons-digester\1.4.1\commons-digester-1.4.1.jar;C:\Users\Jarrod\.m2\repository\oro\oro\2.0.7\oro-2.0.7.jar;C:\Users\Jarrod\.m2\repository\com\atlassian\threadlocal\atlassian-threadlocal\1.3\atlassian-threadlocal-1.3.jar;C:\Users\Jarrod\.m2\repository\com\atlassian\applinks\applinks-api\7.0.0-MNSTR-2473\applinks-api-7.0.0-MNSTR-2473.jar;C:\Users\Jarrod\.m2\repository\com\google\javascript\closure-compiler-unshaded\v20181008\closure-compiler-unshaded-v20181008.jar;C:\Users\Jarrod\.m2\repository\com\google\javascript\closure-compiler-externs\v20181008\closure-compiler-externs-v20181008.jar;C:\Users\Jarrod\.m2\repository\args4j\args4j\2.0.26\args4j-2.0.26.jar;C:\Users\Jarrod\.m2\repository\com\google\protobuf\protobuf-java\3.0.2\protobuf-java-3.0.2.jar;C:\Users\Jarrod\.m2\repository\com\google\jsinterop\jsinterop-annotations\1.0.0\jsinterop-annotations-1.0.0.jar;C:\Users\Jarrod\.m2\repository\com\atlassian\velocity\htmlsafe\velocity-htmlsafe\3.0.0\velocity-htmlsafe-3.0.0.jar;C:\Users\Jarrod\.m2\repository\com\atlassian\plugins\atlassian-plugins-api\5.2.2\atlassian-plugins-api-5.2.2.jar;C:\Users\Jarrod\.m2\repository\com\atlassian\plugins\atlassian-plugins-webfragment\5.0.0\atlassian-plugins-webfragment-5.0.0.jar;C:\Users\Jarrod\.m2\repository\com\atlassian\plugins\atlassian-plugins-webfragment-api\5.0.0\atlassian-plugins-webfragment-api-5.0.0.jar;C:\Users\Jarrod\.m2\repository\com\atlassian\ozymandias\atlassian-plugin-point-safety\1.0.0\atlassian-plugin-point-safety-1.0.0.jar;C:\Users\Jarrod\.m2\repository\jfree\jfreechart\1.0.13\jfreechart-1.0.13.jar;C:\Users\Jarrod\.m2\repository\com\atlassian\plugins\atlassian-plugins-webresource\4.1.3\atlassian-plugins-webresource-4.1.3.jar;C:\Users\Jarrod\.m2\repository\com\atlassian\plugins\atlassian-plugins-webresource-spi\4.1.3\atlassian-plugins-webresource-spi-4.1.3.jar;C:\Users\Jarrod\.m2\repository\com\atlassian\plugins\atlassian-plugins-webresource-api\4.1.3\atlassian-plugins-webresource-api-4.1.3.jar;C:\Users\Jarrod\.m2\repository\org\tuckey\urlrewritefilter\4.0.4\urlrewritefilter-4.0.4.jar;C:\Users\Jarrod\.m2\repository\com\atlassian\sourcemap\sourcemap\1.7.6\sourcemap-1.7.6.jar;C:\Users\Jarrod\.m2\repository\com\atlassian\plugins\atlassian-plugins-webresource-compiler-gcc\4.1.3\atlassian-plugins-webresource-compiler-gcc-4.1.3.jar;C:\Users\Jarrod\.m2\repository\jfree\jcommon\1.0.8\jcommon-1.0.8.jar;C:\Users\Jarrod\.m2\repository\com\atlassian\sal\sal-api\4.0.0\sal-api-4.0.0.jar;C:\Users\Jarrod\.m2\repository\com\atlassian\gadgets\atlassian-gadgets-api\4.3.10\atlassian-gadgets-api-4.3.10.jar;C:\Users\Jarrod\.m2\repository\com\atlassian\johnson\atlassian-johnson-core\4.0.0\atlassian-johnson-core-4.0.0.jar;C:\Users\Jarrod\.m2\repository\com\atlassian\plugins\atlassian-plugins-servlet\5.0.0\atlassian-plugins-servlet-5.0.0.jar;C:\Users\Jarrod\.m2\repository\joda-time\joda-time\2.8.2\joda-time-2.8.2.jar;C:\Users\Jarrod\.m2\repository\commons-lang\commons-lang\2.6\commons-lang-2.6.jar;C:\Users\Jarrod\.m2\repository\org\apache\commons\commons-lang3\3.8\commons-lang3-3.8.jar;C:\Users\Jarrod\.m2\repository\commons-io\commons-io\2.6\commons-io-2.6.jar;C:\Users\Jarrod\.m2\repository\commons-httpclient\commons-httpclient\3.1-atlassian-2\commons-httpclient-3.1-atlassian-2.jar;C:\Users\Jarrod\.m2\repository\log4j\log4j\1.2.17-atlassian-2\log4j-1.2.17-atlassian-2.jar;C:\Users\Jarrod\.m2\repository\org\slf4j\slf4j-api\1.7.25\slf4j-api-1.7.25.jar;C:\Users\Jarrod\.m2\repository\com\atlassian\profiling\atlassian-profiling\3.2.0\atlassian-profiling-3.2.0.jar;C:\Users\Jarrod\.m2\repository\com\atlassian\scheduler\atlassian-scheduler-api\3.0.0\atlassian-scheduler-api-3.0.0.jar;C:\Users\Jarrod\.m2\repository\com\atlassian\analytics\analytics-api\5.7.2\analytics-api-5.7.2.jar;C:\Users\Jarrod\.m2\repository\com\atlassian\application\atlassian-application-api\2.0.0\atlassian-application-api-2.0.0.jar;C:\Users\Jarrod\.m2\repository\javax\validation\validation-api\2.0.1.Final\validation-api-2.0.1.Final.jar;C:\Users\Jarrod\.m2\repository\javax\inject\javax.inject\1\javax.inject-1.jar;C:\Users\Jarrod\.m2\repository\com\atlassian\lucene-extras\7.3.1-atlassian-4\lucene-extras-7.3.1-atlassian-4.jar;C:\Users\Jarrod\.m2\repository\com\atlassian\plugin\atlassian-spring-scanner-annotation\2.2.0\atlassian-spring-scanner-annotation-2.2.0.jar;C:\Users\Jarrod\.m2\repository\com\atlassian\jira\tests\jira-testkit-client\8.2.0\jira-testkit-client-8.2.0.jar;C:\Users\Jarrod\.m2\repository\javax\xml\bind\jaxb-api\2.3.0\jaxb-api-2.3.0.jar;C:\Users\Jarrod\.m2\repository\com\sun\xml\bind\jaxb-core\2.3.0\jaxb-core-2.3.0.jar;C:\Users\Jarrod\.m2\repository\com\sun\xml\bind\jaxb-impl\2.3.0\jaxb-impl-2.3.0.jar;C:\Users\Jarrod\.m2\repository\com\atlassian\jira\tests\jira-testkit-common\8.2.0\jira-testkit-common-8.2.0.jar;C:\Users\Jarrod\.m2\repository\com\atlassian\jira\jira-rest-api\6.8.6\jira-rest-api-6.8.6.jar;C:\Users\Jarrod\.m2\repository\junit\junit-dep\4.10\junit-dep-4.10.jar;C:\Users\Jarrod\.m2\repository\xerces\xercesImpl\2.9.1\xercesImpl-2.9.1.jar;C:\Users\Jarrod\.m2\repository\axis\axis\1.3-atlassian-1\axis-1.3-atlassian-1.jar;C:\Users\Jarrod\.m2\repository\axis\axis-jaxrpc\1.3\axis-jaxrpc-1.3.jar;C:\Users\Jarrod\.m2\repository\axis\axis-saaj\1.3\axis-saaj-1.3.jar;C:\Users\Jarrod\.m2\repository\wsdl4j\wsdl4j\1.5.1\wsdl4j-1.5.1.jar;C:\Users\Jarrod\.m2\repository\io\atlassian\util\concurrent\atlassian-util-concurrent\4.0.1\atlassian-util-concurrent-4.0.1.jar;C:\Users\Jarrod\.m2\repository\org\hamcrest\hamcrest-core\1.2\hamcrest-core-1.2.jar;C:\Users\Jarrod\.m2\repository\org\hamcrest\hamcrest-library\1.2\hamcrest-library-1.2.jar;C:\Users\Jarrod\.m2\repository\org\jsoup\jsoup\1.8.3\jsoup-1.8.3.jar;C:\Users\Jarrod\.m2\repository\com\sun\jersey\jersey-core\1.19\jersey-core-1.19.jar;C:\Users\Jarrod\.m2\repository\com\sun\jersey\jersey-client\1.19\jersey-client-1.19.jar;C:\Users\Jarrod\.m2\repository\com\sun\jersey\jersey-json\1.19\jersey-json-1.19.jar;C:\Users\Jarrod\.m2\repository\org\codehaus\jettison\jettison\1.1\jettison-1.1.jar;C:\Users\Jarrod\.m2\repository\com\sun\jersey\contribs\jersey-apache-client\1.19\jersey-apache-client-1.19.jar;C:\Users\Jarrod\.m2\repository\com\sun\jersey\contribs\jersey-multipart\1.19\jersey-multipart-1.19.jar;C:\Users\Jarrod\.m2\repository\org\jvnet\mimepull\mimepull\1.9.3\mimepull-1.9.3.jar;C:\Users\Jarrod\.m2\repository\org\json\org.json\chargebee-1.0\org.json-chargebee-1.0.jar;C:\Users\Jarrod\.m2\repository\org\codehaus\jackson\jackson-jaxrs\1.9.1\jackson-jaxrs-1.9.1.jar;C:\Users\Jarrod\.m2\repository\org\codehaus\jackson\jackson-xc\1.9.1\jackson-xc-1.9.1.jar;C:\Users\Jarrod\.m2\repository\com\atlassian\jira\jira-func-tests\8.5.0\jira-func-tests-8.5.0.jar;C:\Users\Jarrod\.m2\repository\com\atlassian\jira\jira-core\8.5.0\jira-core-8.5.0.jar;C:\Users\Jarrod\.m2\repository\com\atlassian\jira\jira-dmz-api\8.5.0\jira-dmz-api-8.5.0.jar;C:\Users\Jarrod\.m2\repository\com\atlassian\jira\jira-lucene-dmz\8.5.0\jira-lucene-dmz-8.5.0.jar;C:\Users\Jarrod\.m2\repository\org\apache\lucene\lucene-core\7.3.1\lucene-core-7.3.1.jar;C:\Users\Jarrod\.m2\repository\org\apache\lucene\lucene-join\7.3.1\lucene-join-7.3.1.jar;C:\Users\Jarrod\.m2\repository\com\atlassian\crowd\embedded-crowd-core\2.10.5-j11\embedded-crowd-core-2.10.5-j11.jar;C:\Users\Jarrod\.m2\repository\com\atlassian\crowd\crowd-core-tiny\2.10.5-j11\crowd-core-tiny-2.10.5-j11.jar;C:\Users\Jarrod\.m2\repository\com\atlassian\crowd\embedded-crowd-spi\2.10.5-j11\embedded-crowd-spi-2.10.5-j11.jar;C:\Users\Jarrod\.m2\repository\com\atlassian\crowd\crowd-api\2.10.5-j11\crowd-api-2.10.5-j11.jar;C:\Users\Jarrod\.m2\repository\com\atlassian\crowd\crowd-server-api\2.10.5-j11\crowd-server-api-2.10.5-j11.jar;C:\Users\Jarrod\.m2\repository\com\atlassian\extras\atlassian-extras-api\3.2\atlassian-extras-api-3.2.jar;C:\Users\Jarrod\.m2\repository\com\atlassian\crowd\crowd-core\2.10.5-j11\crowd-core-2.10.5-j11.jar;C:\Users\Jarrod\.m2\repository\net\sf\ehcache\ehcache\2.9.0\ehcache-2.9.0.jar;C:\Users\Jarrod\.m2\repository\com\atlassian\crowd\crowd-integration-api\2.10.5-j11\crowd-integration-api-2.10.5-j11.jar;C:\Users\Jarrod\.m2\repository\com\atlassian\crowd\crowd-integration-client-rest\2.10.5-j11\crowd-integration-client-rest-2.10.5-j11.jar;C:\Users\Jarrod\.m2\repository\com\atlassian\crowd\crowd-integration-client-common\2.10.5-j11\crowd-integration-client-common-2.10.5-j11.jar;C:\Users\Jarrod\.m2\repository\com\atlassian\security\atlassian-cookie-tools\3.2.4\atlassian-cookie-tools-3.2.4.jar;C:\Users\Jarrod\.m2\repository\com\atlassian\crowd\crowd-persistence\2.10.5-j11\crowd-persistence-2.10.5-j11.jar;C:\Users\Jarrod\.m2\repository\com\atlassian\crowd\crowd-events\2.10.5-j11\crowd-events-2.10.5-j11.jar;C:\Users\Jarrod\.m2\repository\com\atlassian\crowd\crowd-ldap\2.10.5-j11\crowd-ldap-2.10.5-j11.jar;C:\Users\Jarrod\.m2\repository\com\google\code\findbugs\annotations\3.0.0\annotations-3.0.0.jar;C:\Users\Jarrod\.m2\repository\com\atlassian\crowd\crowd-remote\2.10.5-j11\crowd-remote-2.10.5-j11.jar;C:\Users\Jarrod\.m2\repository\com\atlassian\crowd\crowd-server-common\2.10.5-j11\crowd-server-common-2.10.5-j11.jar;C:\Users\Jarrod\.m2\repository\com\atlassian\crowd\crowd-password-encoders\2.10.5-j11\crowd-password-encoders-2.10.5-j11.jar;C:\Users\Jarrod\.m2\repository\com\atlassian\util\concurrent\atlassian-util-concurrent\3.0.0\atlassian-util-concurrent-3.0.0.jar;C:\Users\Jarrod\.m2\repository\com\atlassian\http\atlassian-http\2.0.2\atlassian-http-2.0.2.jar;C:\Users\Jarrod\.m2\repository\com\querydsl\querydsl-sql\4.1.4\querydsl-sql-4.1.4.jar;C:\Users\Jarrod\.m2\repository\com\querydsl\querydsl-core\4.1.4\querydsl-core-4.1.4.jar;C:\Users\Jarrod\.m2\repository\com\mysema\commons\mysema-commons-lang\0.2.4\mysema-commons-lang-0.2.4.jar;C:\Users\Jarrod\.m2\repository\com\atlassian\ip\atlassian-ip\3.0\atlassian-ip-3.0.jar;C:\Users\Jarrod\.m2\repository\com\atlassian\security\atlassian-password-encoder\3.2.3\atlassian-password-encoder-3.2.3.jar;C:\Users\Jarrod\.m2\repository\com\atlassian\security\atlassian-secure-utils\3.2.3\atlassian-secure-utils-3.2.3.jar;C:\Users\Jarrod\.m2\repository\org\springframework\security\spring-security-core\3.1.7.RELEASE\spring-security-core-3.1.7.RELEASE.jar;C:\Users\Jarrod\.m2\repository\org\springframework\spring-context\5.0.10.RELEASE\spring-context-5.0.10.RELEASE.jar;C:\Users\Jarrod\.m2\repository\org\springframework\spring-aop\5.0.10.RELEASE\spring-aop-5.0.10.RELEASE.jar;C:\Users\Jarrod\.m2\repository\org\springframework\spring-expression\5.0.10.RELEASE\spring-expression-5.0.10.RELEASE.jar;C:\Users\Jarrod\.m2\repository\org\springframework\spring-core\5.0.10.RELEASE\spring-core-5.0.10.RELEASE.jar;C:\Users\Jarrod\.m2\repository\org\springframework\spring-jcl\5.0.10.RELEASE\spring-jcl-5.0.10.RELEASE.jar;C:\Users\Jarrod\.m2\repository\org\springframework\spring-beans\5.0.10.RELEASE\spring-beans-5.0.10.RELEASE.jar;C:\Users\Jarrod\.m2\repository\org\springframework\spring-tx\5.0.10.RELEASE\spring-tx-5.0.10.RELEASE.jar;C:\Users\Jarrod\.m2\repository\com\atlassian\crowd\crowd-integration-seraph\2.10.5-j11\crowd-integration-seraph-2.10.5-j11.jar;C:\Users\Jarrod\.m2\repository\com\atlassian\crowd\crowd-query-language\2.10.5-j11\crowd-query-language-2.10.5-j11.jar;C:\Users\Jarrod\.m2\repository\org\codehaus\xfire\xfire-core\1.2.6\xfire-core-1.2.6.jar;C:\Users\Jarrod\.m2\repository\org\codehaus\xfire\xfire-aegis\1.2.6\xfire-aegis-1.2.6.jar;C:\Users\Jarrod\.m2\repository\com\atlassian\soy\soy-template-renderer-api\5.0.0\soy-template-renderer-api-5.0.0.jar;C:\Users\Jarrod\.m2\repository\com\atlassian\soy\soy-template-renderer-plugin-api\5.0.0\soy-template-renderer-plugin-api-5.0.0.jar;C:\Users\Jarrod\.m2\repository\com\atlassian\sal\sal-spi\4.0.0\sal-spi-4.0.0.jar;C:\Users\Jarrod\.m2\repository\com\atlassian\gadgets\atlassian-gadgets-spi\4.3.10\atlassian-gadgets-spi-4.3.10.jar;C:\Users\Jarrod\.m2\repository\com\atlassian\oauth\atlassian-oauth-api\4.0.2\atlassian-oauth-api-4.0.2.jar;C:\Users\Jarrod\.m2\repository\com\atlassian\p4package\atlassian-p4package\2007.12.14\atlassian-p4package-2007.12.14.jar;C:\Users\Jarrod\.m2\repository\com\atlassian\vcache\atlassian-vcache-internal-legacy\1.12.0\atlassian-vcache-internal-legacy-1.12.0.jar;C:\Users\Jarrod\.m2\repository\com\atlassian\vcache\atlassian-vcache-internal-core\1.12.0\atlassian-vcache-internal-core-1.12.0.jar;C:\Users\Jarrod\.m2\repository\com\atlassian\vcache\atlassian-vcache-internal-api\1.12.0\atlassian-vcache-internal-api-1.12.0.jar;C:\Users\Jarrod\.m2\repository\com\atlassian\vcache\atlassian-vcache-internal-memcached\1.12.0\atlassian-vcache-internal-memcached-1.12.0.jar;C:\Users\Jarrod\.m2\repository\com\atlassian\vcache\atlassian-vcache-internal-guava\1.12.0\atlassian-vcache-internal-guava-1.12.0.jar;C:\Users\Jarrod\.m2\repository\net\spy\spymemcached\2.12.0\spymemcached-2.12.0.jar;C:\Users\Jarrod\.m2\repository\com\atlassian\cache\atlassian-cache-ehcache\4.0.0\atlassian-cache-ehcache-4.0.0.jar;C:\Users\Jarrod\.m2\repository\com\atlassian\cache\atlassian-cache-common-impl\4.0.0\atlassian-cache-common-impl-4.0.0.jar;C:\Users\Jarrod\.m2\repository\com\atlassian\cache\atlassian-cache-memory\4.0.0\atlassian-cache-memory-4.0.0.jar;C:\Users\Jarrod\.m2\repository\com\atlassian\beehive\beehive-core\4.0.1\beehive-core-4.0.1.jar;C:\Users\Jarrod\.m2\repository\com\atlassian\beehive\beehive-single-node\4.0.1\beehive-single-node-4.0.1.jar;C:\Users\Jarrod\.m2\repository\com\atlassian\beehive\beehive-db\4.0.1\beehive-db-4.0.1.jar;C:\Users\Jarrod\.m2\repository\com\atlassian\config\atlassian-config\0.15\atlassian-config-0.15.jar;C:\Users\Jarrod\.m2\repository\com\atlassian\spring\atlassian-spring\1.1\atlassian-spring-1.1.jar;C:\Users\Jarrod\.m2\repository\javax\servlet\servlet-api\2.3\servlet-api-2.3.jar;C:\Users\Jarrod\.m2\repository\org\springframework\spring-web\2.0.6\spring-web-2.0.6.jar;C:\Users\Jarrod\.m2\repository\org\springframework\spring-hibernate2\2.0.6\spring-hibernate2-2.0.6.jar;C:\Users\Jarrod\.m2\repository\org\springframework\spring-dao\2.0.6\spring-dao-2.0.6.jar;C:\Users\Jarrod\.m2\repository\org\springframework\spring-jdbc\2.0.6\spring-jdbc-2.0.6.jar;C:\Users\Jarrod\.m2\repository\hibernate\hibernate\2.1.8-atlassian\hibernate-2.1.8-atlassian.jar;C:\Users\Jarrod\.m2\repository\com\atlassian\atlassian-localhost\1.1.0\atlassian-localhost-1.1.0.jar;C:\Users\Jarrod\.m2\repository\com\sun\jai_core\1.1.3\jai_core-1.1.3.jar;C:\Users\Jarrod\.m2\repository\com\sun\jai_codec\1.1.3\jai_codec-1.1.3.jar;C:\Users\Jarrod\.m2\repository\com\atlassian\activeobjects\activeobjects-spi\3.0.1\activeobjects-spi-3.0.1.jar;C:\Users\Jarrod\.m2\repository\io\dropwizard\metrics\metrics-core\4.0.3\metrics-core-4.0.3.jar;C:\Users\Jarrod\.m2\repository\io\dropwizard\metrics\metrics-jmx\4.0.3\metrics-jmx-4.0.3.jar;C:\Users\Jarrod\.m2\repository\com\atlassian\adapter\jackson\1.0\jackson-1.0.jar;C:\Users\Jarrod\.m2\repository\com\atlassian\profiling\atlassian-profiling-dropwizard-metrics\3.2.0\atlassian-profiling-dropwizard-metrics-3.2.0.jar;C:\Users\Jarrod\.m2\repository\org\slf4j\slf4j-log4j12\1.7.25\slf4j-log4j12-1.7.25.jar;C:\Users\Jarrod\.m2\repository\org\slf4j\jul-to-slf4j\1.7.25\jul-to-slf4j-1.7.25.jar;C:\Users\Jarrod\.m2\repository\org\slf4j\jcl-over-slf4j\1.7.25\jcl-over-slf4j-1.7.25.jar;C:\Users\Jarrod\.m2\repository\com\atlassian\atlassian-logging\2.21\atlassian-logging-2.21.jar;C:\Users\Jarrod\.m2\repository\org\apache\logging\log4j\log4j2-stacktrace-origins\2.2-atlassian-2\log4j2-stacktrace-origins-2.2-atlassian-2.jar;C:\Users\Jarrod\.m2\repository\com\github\rholder\guava-retrying\1.0.7\guava-retrying-1.0.7.jar;C:\Users\Jarrod\.m2\repository\com\atlassian\jdk\utilities\atlassian-jdk-utilities\0.6\atlassian-jdk-utilities-0.6.jar;C:\Users\Jarrod\.m2\repository\com\atlassian\scheduler\atlassian-scheduler-core\3.0.0\atlassian-scheduler-core-3.0.0.jar;C:\Users\Jarrod\.m2\repository\com\atlassian\scheduler\caesium\atlassian-scheduler-caesium\3.0.2\atlassian-scheduler-caesium-3.0.2.jar;C:\Users\Jarrod\.m2\repository\com\atlassian\plugins\atlassian-plugins-core\5.2.2\atlassian-plugins-core-5.2.2.jar;C:\Users\Jarrod\.m2\repository\net\jcip\com.springsource.net.jcip.annotations\1.0.0\com.springsource.net.jcip.annotations-1.0.0.jar;C:\Users\Jarrod\.m2\repository\com\atlassian\plugins\atlassian-plugins-schema\5.2.2\atlassian-plugins-schema-5.2.2.jar;C:\Users\Jarrod\.m2\repository\com\google\code\gson\gson\2.3.1\gson-2.3.1.jar;C:\Users\Jarrod\.m2\repository\com\atlassian\plugins\atlassian-plugins-osgi\5.2.2\atlassian-plugins-osgi-5.2.2.jar;C:\Users\Jarrod\.m2\repository\biz\aQute\bnd\biz.aQute.bndlib\3.5.0\biz.aQute.bndlib-3.5.0.jar;C:\Users\Jarrod\.m2\repository\org\apache\felix\org.apache.felix.framework\5.6.12\org.apache.felix.framework-5.6.12.jar;C:\Users\Jarrod\.m2\repository\io\github\lukehutch\fast-classpath-scanner\2.18.1\fast-classpath-scanner-2.18.1.jar;C:\Users\Jarrod\.m2\repository\com\atlassian\plugins\atlassian-plugins-osgi-events\5.2.2\atlassian-plugins-osgi-events-5.2.2.jar;C:\Users\Jarrod\.m2\repository\com\atlassian\plugins\atlassian-plugins-eventlistener\5.2.2\atlassian-plugins-eventlistener-5.2.2.jar;C:\Users\Jarrod\.m2\repository\com\atlassian\seraph\atlassian-seraph\4.0.2\atlassian-seraph-4.0.2.jar;C:\Users\Jarrod\.m2\repository\com\atlassian\security\atlassian-secure-random\3.2.3\atlassian-secure-random-3.2.3.jar;C:\Users\Jarrod\.m2\repository\com\atlassian\security\auth\trustedapps\atlassian-trusted-apps-seraph-integration\5.0.0\atlassian-trusted-apps-seraph-integration-5.0.0.jar;C:\Users\Jarrod\.m2\repository\com\atlassian\upgrade\upgrade-task-framework-core\2.0.2\upgrade-task-framework-core-2.0.2.jar;C:\Users\Jarrod\.m2\repository\com\atlassian\renderer\atlassian-renderer\8.0.27\atlassian-renderer-8.0.27.jar;C:\Users\Jarrod\.m2\repository\com\atlassian\gzipfilter\atlassian-gzipfilter\3.0.0\atlassian-gzipfilter-3.0.0.jar;C:\Users\Jarrod\.m2\repository\com\atlassian\gzipfilter\atlassian-flushable-gzipoutputstream\1.1\atlassian-flushable-gzipoutputstream-1.1.jar;C:\Users\Jarrod\.m2\repository\com\atlassian\gzipfilter\atlassian-gzipfilter-legacy\1.23.0\atlassian-gzipfilter-legacy-1.23.0.jar;C:\Users\Jarrod\.m2\repository\opensymphony\sitemesh\2.5-atlassian-11\sitemesh-2.5-atlassian-11.jar;C:\Users\Jarrod\.m2\repository\commons-configuration\commons-configuration\1.0\commons-configuration-1.0.jar;C:\Users\Jarrod\.m2\repository\org\apache\lucene\lucene-analyzers-common\7.3.1\lucene-analyzers-common-7.3.1.jar;C:\Users\Jarrod\.m2\repository\org\apache\lucene\lucene-queryparser\7.3.1\lucene-queryparser-7.3.1.jar;C:\Users\Jarrod\.m2\repository\org\apache\lucene\lucene-queries\7.3.1\lucene-queries-7.3.1.jar;C:\Users\Jarrod\.m2\repository\org\apache\lucene\lucene-sandbox\7.3.1\lucene-sandbox-7.3.1.jar;C:\Users\Jarrod\.m2\repository\org\apache\velocity\velocity-tools\1.3\velocity-tools-1.3.jar;C:\Users\Jarrod\.m2\repository\com\atlassian\db\config\password-cipher-base\1.0.15\password-cipher-base-1.0.15.jar;C:\Users\Jarrod\.m2\repository\com\atlassian\db\config\password-cipher-api\1.0.15\password-cipher-api-1.0.15.jar;C:\Users\Jarrod\.m2\repository\glue\glue\5.0b2\glue-5.0b2.jar;C:\Users\Jarrod\.m2\repository\bsf\bsf\2.2\bsf-2.2.jar;C:\Users\Jarrod\.m2\repository\bsh\bsh\1.2b7\bsh-1.2b7.jar;C:\Users\Jarrod\.m2\repository\csv\csv\20\csv-20.jar;C:\Users\Jarrod\.m2\repository\org\picocontainer\picocontainer\2.14.3\picocontainer-2.14.3.jar;C:\Users\Jarrod\.m2\repository\jzlib\jzlib\1.0.5\jzlib-1.0.5.jar;C:\Users\Jarrod\.m2\repository\com\octo\captcha\jcaptcha\2.0-alpha-1\jcaptcha-2.0-alpha-1.jar;C:\Users\Jarrod\.m2\repository\com\octo\captcha\jcaptcha-api\2.0-alpha-1\jcaptcha-api-2.0-alpha-1.jar;C:\Users\Jarrod\.m2\repository\com\jhlabs\filters\2.0.235\filters-2.0.235.jar;C:\Users\Jarrod\.m2\repository\org\apache\commons\commons-dbcp2\2.1\commons-dbcp2-2.1.jar;C:\Users\Jarrod\.m2\repository\org\apache\commons\commons-pool2\2.3\commons-pool2-2.3.jar;C:\Users\Jarrod\.m2\repository\commons-pool\commons-pool\1.6\commons-pool-1.6.jar;C:\Users\Jarrod\.m2\repository\com\h2database\h2\1.4.185\h2-1.4.185.jar;C:\Users\Jarrod\.m2\repository\hsqldb\hsqldb\1.8.0.5\hsqldb-1.8.0.5.jar;C:\Users\Jarrod\.m2\repository\jndi\jndi\1.2.1\jndi-1.2.1.jar;C:\Users\Jarrod\.m2\repository\ots-jts\ots-jts\1.0\ots-jts-1.0.jar;C:\Users\Jarrod\.m2\repository\jotm\jotm\1.4.3\jotm-1.4.3.jar;C:\Users\Jarrod\.m2\repository\jotm\jotm-jrmp_stubs\1.4.3\jotm-jrmp_stubs-1.4.3.jar;C:\Users\Jarrod\.m2\repository\jotm\jotm-iiop_stubs\1.4.3\jotm-iiop_stubs-1.4.3.jar;C:\Users\Jarrod\.m2\repository\jotm\jonas_timer\1.4.3\jonas_timer-1.4.3.jar;C:\Users\Jarrod\.m2\repository\jotm\objectweb-datasource\1.4.3\objectweb-datasource-1.4.3.jar;C:\Users\Jarrod\.m2\repository\carol\carol\1.5.2\carol-1.5.2.jar;C:\Users\Jarrod\.m2\repository\carol\carol-properties\1.5.2\carol-properties-1.5.2.jar;C:\Users\Jarrod\.m2\repository\xapool\xapool\1.3.1\xapool-1.3.1.jar;C:\Users\Jarrod\.m2\repository\commons-jexl\commons-jexl\1.1\commons-jexl-1.1.jar;C:\Users\Jarrod\.m2\repository\commons-fileupload\commons-fileupload\1.3.3\commons-fileupload-1.3.3.jar;C:\Users\Jarrod\.m2\repository\org\apache\commons\commons-compress\1.8.1\commons-compress-1.8.1.jar;C:\Users\Jarrod\.m2\repository\xalan\xalan\2.7.2\xalan-2.7.2.jar;C:\Users\Jarrod\.m2\repository\xalan\serializer\2.7.2\serializer-2.7.2.jar;C:\Users\Jarrod\.m2\repository\xml-security\xmlsec\1.4.2\xmlsec-1.4.2.jar;C:\Users\Jarrod\.m2\repository\com\atlassian\security\atlassian-secure-xml\3.2.3\atlassian-secure-xml-3.2.3.jar;C:\Users\Jarrod\.m2\repository\datafile\datafile\1.3.3\datafile-1.3.3.jar;C:\Users\Jarrod\.m2\repository\xpp3\xpp3\1.1.4c\xpp3-1.1.4c.jar;C:\Users\Jarrod\.m2\repository\com\thoughtworks\xstream\xstream\1.4.9\xstream-1.4.9.jar;C:\Users\Jarrod\.m2\repository\xmlpull\xmlpull\1.1.3.1\xmlpull-1.1.3.1.jar;C:\Users\Jarrod\.m2\repository\radeox\radeox\1.0b2-forked-22Apr2004\radeox-1.0b2-forked-22Apr2004.jar;C:\Users\Jarrod\.m2\repository\jtidy\jtidy\r8-20050104\jtidy-r8-20050104.jar;C:\Users\Jarrod\.m2\repository\jdom\jdom\1.0\jdom-1.0.jar;C:\Users\Jarrod\.m2\repository\org\codehaus\woodstox\wstx-asl\3.2.4\wstx-asl-3.2.4.jar;C:\Users\Jarrod\.m2\repository\com\atlassian\modzdetector\modz-detector\0.12\modz-detector-0.12.jar;C:\Users\Jarrod\.m2\repository\org\antlr\antlr-runtime\3.5.2\antlr-runtime-3.5.2.jar;C:\Users\Jarrod\.m2\repository\commons-jrcs\commons-jrcs\diff-0.1.7\commons-jrcs-diff-0.1.7.jar;C:\Users\Jarrod\.m2\repository\com\atlassian\sal\sal-trust-api\4.0.0\sal-trust-api-4.0.0.jar;C:\Users\Jarrod\.m2\repository\com\atlassian\applinks\applinks-spi\7.0.0-MNSTR-2473\applinks-spi-7.0.0-MNSTR-2473.jar;C:\Users\Jarrod\.m2\repository\com\atlassian\applinks\applinks-host\7.0.0-MNSTR-2473\applinks-host-7.0.0-MNSTR-2473.jar;C:\Users\Jarrod\.m2\repository\commons-validator\commons-validator\1.6\commons-validator-1.6.jar;C:\Users\Jarrod\.m2\repository\com\atlassian\botocss\botocss-core\6.4\botocss-core-6.4.jar;C:\Users\Jarrod\.m2\repository\net\sf\cssbox\jstyleparser\1.16-atlassian-1\jstyleparser-1.16-atlassian-1.jar;C:\Users\Jarrod\.m2\repository\com\atlassian\json\atlassian-json-api\0.9\atlassian-json-api-0.9.jar;C:\Users\Jarrod\.m2\repository\com\atlassian\plugins\atlassian-plugins-webresource-common\5.2.2\atlassian-plugins-webresource-common-5.2.2.jar;C:\Users\Jarrod\.m2\repository\com\atlassian\application\atlassian-application-host\2.0.0\atlassian-application-host-2.0.0.jar;C:\Users\Jarrod\.m2\repository\org\apache\xmlgraphics\batik-transcoder\1.9\batik-transcoder-1.9.jar;C:\Users\Jarrod\.m2\repository\org\apache\xmlgraphics\batik-anim\1.9\batik-anim-1.9.jar;C:\Users\Jarrod\.m2\repository\org\apache\xmlgraphics\batik-css\1.9\batik-css-1.9.jar;C:\Users\Jarrod\.m2\repository\org\apache\xmlgraphics\xmlgraphics-commons\2.2\xmlgraphics-commons-2.2.jar;C:\Users\Jarrod\.m2\repository\org\apache\xmlgraphics\batik-ext\1.9\batik-ext-1.9.jar;C:\Users\Jarrod\.m2\repository\org\apache\xmlgraphics\batik-parser\1.9\batik-parser-1.9.jar;C:\Users\Jarrod\.m2\repository\org\apache\xmlgraphics\batik-svg-dom\1.9\batik-svg-dom-1.9.jar;C:\Users\Jarrod\.m2\repository\org\apache\xmlgraphics\batik-awt-util\1.9\batik-awt-util-1.9.jar;C:\Users\Jarrod\.m2\repository\org\apache\xmlgraphics\batik-bridge\1.9\batik-bridge-1.9.jar;C:\Users\Jarrod\.m2\repository\org\apache\xmlgraphics\batik-script\1.9\batik-script-1.9.jar;C:\Users\Jarrod\.m2\repository\org\apache\xmlgraphics\batik-dom\1.9\batik-dom-1.9.jar;C:\Users\Jarrod\.m2\repository\org\apache\xmlgraphics\batik-gvt\1.9\batik-gvt-1.9.jar;C:\Users\Jarrod\.m2\repository\org\apache\xmlgraphics\batik-util\1.9\batik-util-1.9.jar;C:\Users\Jarrod\.m2\repository\org\apache\xmlgraphics\batik-constants\1.9\batik-constants-1.9.jar;C:\Users\Jarrod\.m2\repository\org\apache\xmlgraphics\batik-i18n\1.9\batik-i18n-1.9.jar;C:\Users\Jarrod\.m2\repository\org\apache\xmlgraphics\batik-xml\1.9\batik-xml-1.9.jar;C:\Users\Jarrod\.m2\repository\xml-apis\xml-apis-ext\1.3.04\xml-apis-ext-1.3.04.jar;C:\Users\Jarrod\.m2\repository\org\apache\xmlgraphics\batik-codec\1.9\batik-codec-1.9.jar;C:\Users\Jarrod\.m2\repository\com\atlassian\web\atlassian-servlet-api\4.0.0\atlassian-servlet-api-4.0.0.jar;C:\Users\Jarrod\.m2\repository\io\atlassian\fugue\fugue-guava\4.7.2\fugue-guava-4.7.2.jar;C:\Users\Jarrod\.m2\repository\io\atlassian\fugue\fugue-retry\4.7.2\fugue-retry-4.7.2.jar;C:\Users\Jarrod\.m2\repository\com\squareup\tape\1.2.3\tape-1.2.3.jar;C:\Users\Jarrod\.m2\repository\org\xerial\snappy\snappy-java\1.1.1.7\snappy-java-1.1.1.7.jar;C:\Users\Jarrod\.m2\repository\com\atlassian\diagnostics\atlassian-diagnostics-api\1.1.10\atlassian-diagnostics-api-1.1.10.jar;C:\Users\Jarrod\.m2\repository\com\atlassian\diagnostics\atlassian-diagnostics-core\1.1.10\atlassian-diagnostics-core-1.1.10.jar;C:\Users\Jarrod\.m2\repository\com\atlassian\diagnostics\atlassian-diagnostics-platform\1.1.10\atlassian-diagnostics-platform-1.1.10.jar;C:\Users\Jarrod\.m2\repository\com\github\oshi\oshi-core\3.4.0\oshi-core-3.4.0.jar;C:\Users\Jarrod\.m2\repository\net\java\dev\jna\jna-platform\4.2.2\jna-platform-4.2.2.jar;C:\Users\Jarrod\.m2\repository\net\java\dev\jna\jna\4.2.2\jna-4.2.2.jar;C:\Users\Jarrod\.m2\repository\com\atlassian\healthcheck\atlassian-healthcheck-spi\6.0.0\atlassian-healthcheck-spi-6.0.0.jar;C:\Users\Jarrod\.m2\repository\com\atlassian\jira\jira-tests-lic\8.5.0\jira-tests-lic-8.5.0.jar;C:\Users\Jarrod\.m2\repository\com\atlassian\jira\jira-rest-java-client-core\5.1.2-2bd0a62e\jira-rest-java-client-core-5.1.2-2bd0a62e.jar;C:\Users\Jarrod\.m2\repository\com\atlassian\jira\jira-rest-java-client-api\5.1.2-2bd0a62e\jira-rest-java-client-api-5.1.2-2bd0a62e.jar;C:\Users\Jarrod\.m2\repository\com\atlassian\httpclient\atlassian-httpclient-library\2.0.0\atlassian-httpclient-library-2.0.0.jar;C:\Users\Jarrod\.m2\repository\org\apache\httpcomponents\httpasyncclient-cache\4.1.4\httpasyncclient-cache-4.1.4.jar;C:\Users\Jarrod\.m2\repository\org\apache\httpcomponents\httpasyncclient\4.1.4\httpasyncclient-4.1.4.jar;C:\Users\Jarrod\.m2\repository\org\apache\httpcomponents\httpcore-nio\4.4.10\httpcore-nio-4.4.10.jar;C:\Users\Jarrod\.m2\repository\org\apache\httpcomponents\httpclient-cache\4.5.5\httpclient-cache-4.5.5.jar;C:\Users\Jarrod\.m2\repository\org\apache\httpcomponents\httpcore\4.4.9\httpcore-4.4.9.jar;C:\Users\Jarrod\.m2\repository\org\apache\httpcomponents\httpmime\4.5.5\httpmime-4.5.5.jar;C:\Users\Jarrod\.m2\repository\com\atlassian\plugins\rest\atlassian-rest-common\6.0.2\atlassian-rest-common-6.0.2.jar;C:\Users\Jarrod\.m2\repository\javax\ws\rs\jsr311-api\1.1.1\jsr311-api-1.1.1.jar;C:\Users\Jarrod\.m2\repository\com\sun\jersey\jersey-server\1.19.4\jersey-server-1.19.4.jar;C:\Users\Jarrod\.m2\repository\org\ow2\asm\asm\7.1\asm-7.1.jar;C:\Users\Jarrod\.m2\repository\com\sun\jersey\jersey-servlet\1.19.4\jersey-servlet-1.19.4.jar;C:\Users\Jarrod\.m2\repository\com\atlassian\jira\jira-rest-plugin\8.5.0\jira-rest-plugin-8.5.0.jar;C:\Users\Jarrod\.m2\repository\com\atlassian\classloader\atlassian-classloader\1.0\atlassian-classloader-1.0.jar;C:\Users\Jarrod\.m2\repository\net\sf\supercsv\super-csv\2.1.0\super-csv-2.1.0.jar;C:\Users\Jarrod\.m2\repository\com\atlassian\jira\jira-projects-page-objects\5.1.14\jira-projects-page-objects-5.1.14.jar;C:\Users\Jarrod\.m2\repository\org\mozilla\rhino\1.7R4\rhino-1.7R4.jar;C:\Users\Jarrod\.m2\repository\commons-codec\commons-codec\1.9\commons-codec-1.9.jar;C:\Users\Jarrod\.m2\repository\org\bouncycastle\bcprov-jdk15on\1.50\bcprov-jdk15on-1.50.jar;C:\Users\Jarrod\.m2\repository\opensymphony\oscore\2.2.7-atlassian-1\oscore-2.2.7-atlassian-1.jar;C:\Users\Jarrod\.m2\repository\exml\exml\7.1\exml-7.1.jar;C:\Users\Jarrod\.m2\repository\net\sourceforge\jwebunit\jwebunit\1.2-atlassian-6\jwebunit-1.2-atlassian-6.jar;C:\Users\Jarrod\.m2\repository\rhino\js\1.5R4-RC3\js-1.5R4-RC3.jar;C:\Users\Jarrod\.m2\repository\xml-apis\xml-apis\1.0.b2\xml-apis-1.0.b2.jar;C:\Users\Jarrod\.m2\repository\com\meteware\httpunit\httpunit\1.5.4-atlassian-14\httpunit-1.5.4-atlassian-14.jar;C:\Users\Jarrod\.m2\repository\junit\junit\4.12\junit-4.12.jar;C:\Users\Jarrod\.m2\repository\org\mockito\mockito-core\2.21.0\mockito-core-2.21.0.jar;C:\Users\Jarrod\.m2\repository\net\bytebuddy\byte-buddy\1.8.15\byte-buddy-1.8.15.jar;C:\Users\Jarrod\.m2\repository\net\bytebuddy\byte-buddy-agent\1.8.15\byte-buddy-agent-1.8.15.jar;C:\Users\Jarrod\.m2\repository\org\objenesis\objenesis\2.6\objenesis-2.6.jar;C:\Users\Jarrod\.m2\repository\commons-collections\commons-collections\3.2.2\commons-collections-3.2.2.jar;C:\Users\Jarrod\.m2\repository\com\atlassian\vcache\atlassian-vcache-api\1.12.0\atlassian-vcache-api-1.12.0.jar;C:\Users\Jarrod\.m2\repository\com\atlassian\marshalling\atlassian-marshalling-api\1.0.0\atlassian-marshalling-api-1.0.0.jar;C:\Users\Jarrod\.m2\repository\dom4j\dom4j\1.4\dom4j-1.4.jar;C:\Users\Jarrod\.m2\repository\com\icegreen\greenmail\1.3\greenmail-1.3.jar;C:\Users\Jarrod\.m2\repository\com\sun\activation\javax.activation\1.2.0\javax.activation-1.2.0.jar;C:\Users\Jarrod\.m2\repository\jaxen\jaxen\1.1.4\jaxen-1.1.4.jar;C:\Users\Jarrod\.m2\repository\commons-logging\commons-logging\1.1.1\commons-logging-1.1.1.jar;C:\Users\Jarrod\.m2\repository\xmlunit\xmlunit\1.0\xmlunit-1.0.jar;C:\Users\Jarrod\.m2\repository\nekohtml\nekohtml\1.9.14\nekohtml-1.9.14.jar;C:\Users\Jarrod\.m2\repository\org\mortbay\jetty\jetty\6.0.2\jetty-6.0.2.jar;C:\Users\Jarrod\.m2\repository\org\mortbay\jetty\jetty-util\6.0.2\jetty-util-6.0.2.jar;C:\Users\Jarrod\.m2\repository\commons-discovery\commons-discovery\0.2\commons-discovery-0.2.jar;C:\Users\Jarrod\.m2\repository\net\jcip\jcip-annotations\1.0\jcip-annotations-1.0.jar;C:\Users\Jarrod\.m2\repository\com\atlassian\cargo-test-runner\cargo-test-runner\2.10\cargo-test-runner-2.10.jar;C:\Users\Jarrod\.m2\repository\org\codehaus\cargo\cargo-core-uberjar\1.6.8\cargo-core-uberjar-1.6.8.jar;C:\Users\Jarrod\.m2\repository\org\jdom\jdom\1.1.3\jdom-1.1.3.jar;C:\Users\Jarrod\.m2\repository\org\apache\ant\ant\1.7.1\ant-1.7.1.jar;C:\Users\Jarrod\.m2\repository\org\apache\ant\ant-launcher\1.7.1\ant-launcher-1.7.1.jar;C:\Users\Jarrod\.m2\repository\com\googlecode\json-simple\json-simple\1.1.1\json-simple-1.1.1.jar;C:\Users\Jarrod\.m2\repository\com\fasterxml\jackson\dataformat\jackson-dataformat-yaml\2.7.9\jackson-dataformat-yaml-2.7.9.jar;C:\Users\Jarrod\.m2\repository\com\fasterxml\jackson\core\jackson-core\2.7.9\jackson-core-2.7.9.jar;C:\Users\Jarrod\.m2\repository\org\yaml\snakeyaml\1.15\snakeyaml-1.15.jar;C:\Users\Jarrod\.m2\repository\ant\ant\1.5.4\ant-1.5.4.jar;C:\Users\Jarrod\.m2\repository\cglib\cglib-nodep\2.1_3\cglib-nodep-2.1_3.jar;C:\Users\Jarrod\.m2\repository\com\jayway\awaitility\awaitility\1.6.3\awaitility-1.6.3.jar;C:\Users\Jarrod\.m2\repository\com\atlassian\jira\jira-tests\8.5.0\jira-tests-8.5.0.jar;C:\Users\Jarrod\.m2\repository\cglib\cglib\2.1_3\cglib-2.1_3.jar;C:\Users\Jarrod\.m2\repository\asm\asm\1.5.3\asm-1.5.3.jar;C:\Users\Jarrod\.m2\repository\mockobjects\mockobjects-jdk1.3-j2ee1.3\0.07\mockobjects-jdk1.3-j2ee1.3-0.07.jar;C:\Users\Jarrod\.m2\repository\com\atlassian\inception\inception\1.25\inception-1.25.jar;C:\Users\Jarrod\.m2\repository\com\atlassian\buildeng\hallelujah\api\3.6\api-3.6.jar;C:\Users\Jarrod\.m2\repository\com\atlassian\platform\ctk-plugin\3.0.5@platform_3.0.9-42e9935\ctk-plugin-3.0.5@platform_3.0.9-42e9935.jar;C:\Users\Jarrod\.m2\repository\org\hamcrest\hamcrest-all\1.3\hamcrest-all-1.3.jar;C:\Users\Jarrod\.m2\repository\net\oauth\core\oauth\20090617\oauth-20090617.jar;C:\Users\Jarrod\.m2\repository\net\oauth\core\oauth-httpclient4\20090617\oauth-httpclient4-20090617.jar;C:\Users\Jarrod\.m2\repository\net\oauth\core\oauth-consumer\20090617\oauth-consumer-20090617.jar;C:\Users\Jarrod\.m2\repository\org\springframework\spring-test\4.1.7.RELEASE\spring-test-4.1.7.RELEASE.jar;C:\Users\Jarrod\.m2\repository\org\twdata\pkgscanner\package-scanner\0.9.4\package-scanner-0.9.4.jar;C:\Users\Jarrod\.m2\repository\com\atlassian\security\auth\trustedapps\atlassian-trusted-apps-core\5.0.0\atlassian-trusted-apps-core-5.0.0.jar;C:\Users\Jarrod\.m2\repository\com\google\inject\guice\4.2.2\guice-4.2.2.jar;C:\Users\Jarrod\.m2\repository\aopalliance\aopalliance\1.0\aopalliance-1.0.jar;C:\Users\Jarrod\.m2\repository\org\springframework\ldap\spring-ldap-core\2.3.2.RELEASE\spring-ldap-core-2.3.2.RELEASE.jar;C:\Users\Jarrod\.m2\repository\com\atlassian\httpclient\atlassian-httpclient-api\2.0.0\atlassian-httpclient-api-2.0.0.jar;C:\Users\Jarrod\.m2\repository\com\atlassian\httpclient\atlassian-httpclient-plugin\2.0.0\atlassian-httpclient-plugin-2.0.0.jar;C:\Users\Jarrod\.m2\repository\com\atlassian\integrationtesting\atlassian-integrationtesting-lib\1.0.beta7\atlassian-integrationtesting-lib-1.0.beta7.jar;C:\Users\Jarrod\.m2\repository\net\sourceforge\htmlunit\htmlunit\2.8-atlassian-3\htmlunit-2.8-atlassian-3.jar;C:\Users\Jarrod\.m2\repository\net\sourceforge\htmlunit\htmlunit-core-js\2.8-20100618\htmlunit-core-js-2.8-20100618.jar;C:\Users\Jarrod\.m2\repository\net\sourceforge\nekohtml\nekohtml\1.9.14\nekohtml-1.9.14.jar;C:\Users\Jarrod\.m2\repository\net\sourceforge\cssparser\cssparser\0.9.5\cssparser-0.9.5.jar;C:\Users\Jarrod\.m2\repository\org\w3c\css\sac\1.3\sac-1.3.jar;C:\Users\Jarrod\.m2\repository\be\roam\hue\hue\1.1\hue-1.1.jar;C:\Users\Jarrod\.m2\repository\org\json\json\20070829\json-20070829.jar;C:\Users\Jarrod\.m2\repository\org\eclipse\jetty\jetty-server\7.6.1.v20120215\jetty-server-7.6.1.v20120215.jar;C:\Users\Jarrod\.m2\repository\org\eclipse\jetty\jetty-continuation\7.6.1.v20120215\jetty-continuation-7.6.1.v20120215.jar;C:\Users\Jarrod\.m2\repository\org\eclipse\jetty\jetty-http\7.6.1.v20120215\jetty-http-7.6.1.v20120215.jar;C:\Users\Jarrod\.m2\repository\org\eclipse\jetty\jetty-io\7.6.1.v20120215\jetty-io-7.6.1.v20120215.jar;C:\Users\Jarrod\.m2\repository\org\eclipse\jetty\jetty-servlet\7.6.1.v20120215\jetty-servlet-7.6.1.v20120215.jar;C:\Users\Jarrod\.m2\repository\org\eclipse\jetty\jetty-security\7.6.1.v20120215\jetty-security-7.6.1.v20120215.jar;C:\Users\Jarrod\.m2\repository\org\eclipse\jetty\jetty-servlets\7.6.1.v20120215\jetty-servlets-7.6.1.v20120215.jar;C:\Users\Jarrod\.m2\repository\org\eclipse\jetty\jetty-client\7.6.1.v20120215\jetty-client-7.6.1.v20120215.jar;C:\Users\Jarrod\.m2\repository\org\eclipse\jetty\jetty-util\7.6.1.v20120215\jetty-util-7.6.1.v20120215.jar;C:\Users\Jarrod\.m2\repository\com\atlassian\jira\jira-webhooks-plugin\8.5.0\jira-webhooks-plugin-8.5.0.jar;C:\Users\Jarrod\.m2\repository\com\atlassian\jira\plugins\jira-index-analyzer-plugin\8.5.0\jira-index-analyzer-plugin-8.5.0.jar;C:\Users\Jarrod\.m2\repository\org\assertj\assertj-core\3.11.1\assertj-core-3.11.1.jar;C:\Users\Jarrod\.m2\repository\org\slf4j\slf4j-simple\1.7.30\slf4j-simple-1.7.30.jar;C:\Users\Jarrod\.m2\repository\javax\servlet\javax.servlet-api\3.0.1\javax.servlet-api-3.0.1.jar;C:\Users\Jarrod\.m2\repository\org\apache\httpcomponents\httpclient\4.5.9\httpclient-4.5.9.jar;"/>
    <property name="java.vm.vendor" value="Oracle Corporation"/>
    <property name="sun.arch.data.model" value="64"/>
    <property name="user.variant" value=""/>
    <property name="java.vendor.url" value="https://java.oracle.com/"/>
    <property name="user.timezone" value="Africa/Johannesburg"/>
    <property name="os.name" value="Windows 10"/>
    <property name="java.vm.specification.version" value="14"/>
    <property name="sun.java.launcher" value="SUN_STANDARD"/>
    <property name="user.country" value="ZA"/>
    <property name="sun.boot.library.path" value="C:\Program Files\Java\jdk-14.0.1\bin"/>
    <property name="sun.java.command" value="C:\Users\Jarrod\AppData\Local\Temp\surefire13230071764741961546\surefirebooter5976256418830685887.jar C:\Users\Jarrod\AppData\Local\Temp\surefire13230071764741961546 2020-04-17T14-17-41_922-jvmRun1 surefire6285507738025951572tmp surefire_0806268728692765127tmp"/>
    <property name="jdk.debug" value="release"/>
    <property name="surefire.test.class.path" value="D:\github\confluence jira custom field workaround\Confluence-Jira-Macro-customfields-workaround\target\test-classes;D:\github\confluence jira custom field workaround\Confluence-Jira-Macro-customfields-workaround\target\classes;C:\Users\Jarrod\.m2\repository\com\atlassian\jira\jira-api\8.5.0\jira-api-8.5.0.jar;C:\Users\Jarrod\.m2\repository\com\atlassian\annotations\atlassian-annotations\2.1.0\atlassian-annotations-2.1.0.jar;C:\Users\Jarrod\.m2\repository\com\google\code\findbugs\jsr305\3.0.0\jsr305-3.0.0.jar;C:\Users\Jarrod\.m2\repository\com\atlassian\ofbiz\entityengine-share\1.4.0\entityengine-share-1.4.0.jar;C:\Users\Jarrod\.m2\repository\com\atlassian\ofbiz\entityengine\1.4.0\entityengine-1.4.0.jar;C:\Users\Jarrod\.m2\repository\jta\jta\1.0.1\jta-1.0.1.jar;C:\Users\Jarrod\.m2\repository\com\atlassian\collectors\atlassian-collectors-util\1.1\atlassian-collectors-util-1.1.jar;C:\Users\Jarrod\.m2\repository\opensymphony\webwork\1.4-atlassian-30\webwork-1.4-atlassian-30.jar;C:\Users\Jarrod\.m2\repository\com\atlassian\html\atlassian-html-encoder\1.4\atlassian-html-encoder-1.4.jar;C:\Users\Jarrod\.m2\repository\webwork\pell-multipart-request\1.31.0\pell-multipart-request-1.31.0.jar;C:\Users\Jarrod\.m2\repository\com\atlassian\core\atlassian-core\7.0.0\atlassian-core-7.0.0.jar;C:\Users\Jarrod\.m2\repository\com\atlassian\image\atlassian-image-consumer\1.0.1\atlassian-image-consumer-1.0.1.jar;C:\Users\Jarrod\.m2\repository\com\atlassian\core\atlassian-core-user\7.0.0\atlassian-core-user-7.0.0.jar;C:\Users\Jarrod\.m2\repository\com\atlassian\core\atlassian-core-thumbnail\7.0.0\atlassian-core-thumbnail-7.0.0.jar;C:\Users\Jarrod\.m2\repository\com\twelvemonkeys\imageio\imageio-jpeg\3.4.1\imageio-jpeg-3.4.1.jar;C:\Users\Jarrod\.m2\repository\com\twelvemonkeys\imageio\imageio-core\3.4.1\imageio-core-3.4.1.jar;C:\Users\Jarrod\.m2\repository\com\twelvemonkeys\imageio\imageio-metadata\3.4.1\imageio-metadata-3.4.1.jar;C:\Users\Jarrod\.m2\repository\com\twelvemonkeys\common\common-lang\3.4.1\common-lang-3.4.1.jar;C:\Users\Jarrod\.m2\repository\com\twelvemonkeys\common\common-io\3.4.1\common-io-3.4.1.jar;C:\Users\Jarrod\.m2\repository\com\twelvemonkeys\common\common-image\3.4.1\common-image-3.4.1.jar;C:\Users\Jarrod\.m2\repository\com\twelvemonkeys\imageio\imageio-tiff\3.4.1\imageio-tiff-3.4.1.jar;C:\Users\Jarrod\.m2\repository\com\atlassian\extras\atlassian-extras\3.2\atlassian-extras-3.2.jar;C:\Users\Jarrod\.m2\repository\com\atlassian\velocity\atlassian-velocity\1.3\atlassian-velocity-1.3.jar;C:\Users\Jarrod\.m2\repository\org\apache\velocity\velocity\1.6.4\velocity-1.6.4.jar;C:\Users\Jarrod\.m2\repository\osworkflow\osworkflow\2.9.0-atlassian-1\osworkflow-2.9.0-atlassian-1.jar;C:\Users\Jarrod\.m2\repository\opensymphony\propertyset\1.5\propertyset-1.5.jar;C:\Users\Jarrod\.m2\repository\com\atlassian\cache\atlassian-cache-api\4.0.0\atlassian-cache-api-4.0.0.jar;C:\Users\Jarrod\.m2\repository\com\atlassian\instrumentation\atlassian-instrumentation-core\3.0.0\atlassian-instrumentation-core-3.0.0.jar;C:\Users\Jarrod\.m2\repository\com\atlassian\beehive\beehive-api\4.0.1\beehive-api-4.0.1.jar;C:\Users\Jarrod\.m2\repository\com\atlassian\tenancy\atlassian-tenancy-api\3.0.1\atlassian-tenancy-api-3.0.1.jar;C:\Users\Jarrod\.m2\repository\com\atlassian\event\atlassian-event\4.0.0\atlassian-event-4.0.0.jar;C:\Users\Jarrod\.m2\repository\com\atlassian\upgrade\upgrade-task-framework-api\2.0.2\upgrade-task-framework-api-2.0.2.jar;C:\Users\Jarrod\.m2\repository\com\atlassian\crowd\embedded-crowd-api\2.10.5-j11\embedded-crowd-api-2.10.5-j11.jar;C:\Users\Jarrod\.m2\repository\com\google\guava\guava\26.0-jre\guava-26.0-jre.jar;C:\Users\Jarrod\.m2\repository\org\checkerframework\checker-qual\2.5.2\checker-qual-2.5.2.jar;C:\Users\Jarrod\.m2\repository\com\google\errorprone\error_prone_annotations\2.1.3\error_prone_annotations-2.1.3.jar;C:\Users\Jarrod\.m2\repository\com\google\j2objc\j2objc-annotations\1.1\j2objc-annotations-1.1.jar;C:\Users\Jarrod\.m2\repository\org\codehaus\mojo\animal-sniffer-annotations\1.14\animal-sniffer-annotations-1.14.jar;C:\Users\Jarrod\.m2\repository\com\atlassian\fugue\fugue\2.7.0\fugue-2.7.0.jar;C:\Users\Jarrod\.m2\repository\io\atlassian\fugue\fugue\4.7.2\fugue-4.7.2.jar;C:\Users\Jarrod\.m2\repository\org\codehaus\jackson\jackson-core-asl\1.9.13-atlassian-3\jackson-core-asl-1.9.13-atlassian-3.jar;C:\Users\Jarrod\.m2\repository\org\codehaus\jackson\jackson-mapper-asl\1.9.13-atlassian-3\jackson-mapper-asl-1.9.13-atlassian-3.jar;C:\Users\Jarrod\.m2\repository\javax\mail\javax.mail-api\1.6.0\javax.mail-api-1.6.0.jar;C:\Users\Jarrod\.m2\repository\com\sun\mail\javax.mail\1.6.0\javax.mail-1.6.0.jar;C:\Users\Jarrod\.m2\repository\com\atlassian\mail\atlassian-mail\5.0.0\atlassian-mail-5.0.0.jar;C:\Users\Jarrod\.m2\repository\commons-beanutils\commons-beanutils\1.6.1\commons-beanutils-1.6.1.jar;C:\Users\Jarrod\.m2\repository\commons-digester\commons-digester\1.4.1\commons-digester-1.4.1.jar;C:\Users\Jarrod\.m2\repository\oro\oro\2.0.7\oro-2.0.7.jar;C:\Users\Jarrod\.m2\repository\com\atlassian\threadlocal\atlassian-threadlocal\1.3\atlassian-threadlocal-1.3.jar;C:\Users\Jarrod\.m2\repository\com\atlassian\applinks\applinks-api\7.0.0-MNSTR-2473\applinks-api-7.0.0-MNSTR-2473.jar;C:\Users\Jarrod\.m2\repository\com\google\javascript\closure-compiler-unshaded\v20181008\closure-compiler-unshaded-v20181008.jar;C:\Users\Jarrod\.m2\repository\com\google\javascript\closure-compiler-externs\v20181008\closure-compiler-externs-v20181008.jar;C:\Users\Jarrod\.m2\repository\args4j\args4j\2.0.26\args4j-2.0.26.jar;C:\Users\Jarrod\.m2\repository\com\google\protobuf\protobuf-java\3.0.2\protobuf-java-3.0.2.jar;C:\Users\Jarrod\.m2\repository\com\google\jsinterop\jsinterop-annotations\1.0.0\jsinterop-annotations-1.0.0.jar;C:\Users\Jarrod\.m2\repository\com\atlassian\velocity\htmlsafe\velocity-htmlsafe\3.0.0\velocity-htmlsafe-3.0.0.jar;C:\Users\Jarrod\.m2\repository\com\atlassian\plugins\atlassian-plugins-api\5.2.2\atlassian-plugins-api-5.2.2.jar;C:\Users\Jarrod\.m2\repository\com\atlassian\plugins\atlassian-plugins-webfragment\5.0.0\atlassian-plugins-webfragment-5.0.0.jar;C:\Users\Jarrod\.m2\repository\com\atlassian\plugins\atlassian-plugins-webfragment-api\5.0.0\atlassian-plugins-webfragment-api-5.0.0.jar;C:\Users\Jarrod\.m2\repository\com\atlassian\ozymandias\atlassian-plugin-point-safety\1.0.0\atlassian-plugin-point-safety-1.0.0.jar;C:\Users\Jarrod\.m2\repository\jfree\jfreechart\1.0.13\jfreechart-1.0.13.jar;C:\Users\Jarrod\.m2\repository\com\atlassian\plugins\atlassian-plugins-webresource\4.1.3\atlassian-plugins-webresource-4.1.3.jar;C:\Users\Jarrod\.m2\repository\com\atlassian\plugins\atlassian-plugins-webresource-spi\4.1.3\atlassian-plugins-webresource-spi-4.1.3.jar;C:\Users\Jarrod\.m2\repository\com\atlassian\plugins\atlassian-plugins-webresource-api\4.1.3\atlassian-plugins-webresource-api-4.1.3.jar;C:\Users\Jarrod\.m2\repository\org\tuckey\urlrewritefilter\4.0.4\urlrewritefilter-4.0.4.jar;C:\Users\Jarrod\.m2\repository\com\atlassian\sourcemap\sourcemap\1.7.6\sourcemap-1.7.6.jar;C:\Users\Jarrod\.m2\repository\com\atlassian\plugins\atlassian-plugins-webresource-compiler-gcc\4.1.3\atlassian-plugins-webresource-compiler-gcc-4.1.3.jar;C:\Users\Jarrod\.m2\repository\jfree\jcommon\1.0.8\jcommon-1.0.8.jar;C:\Users\Jarrod\.m2\repository\com\atlassian\sal\sal-api\4.0.0\sal-api-4.0.0.jar;C:\Users\Jarrod\.m2\repository\com\atlassian\gadgets\atlassian-gadgets-api\4.3.10\atlassian-gadgets-api-4.3.10.jar;C:\Users\Jarrod\.m2\repository\com\atlassian\johnson\atlassian-johnson-core\4.0.0\atlassian-johnson-core-4.0.0.jar;C:\Users\Jarrod\.m2\repository\com\atlassian\plugins\atlassian-plugins-servlet\5.0.0\atlassian-plugins-servlet-5.0.0.jar;C:\Users\Jarrod\.m2\repository\joda-time\joda-time\2.8.2\joda-time-2.8.2.jar;C:\Users\Jarrod\.m2\repository\commons-lang\commons-lang\2.6\commons-lang-2.6.jar;C:\Users\Jarrod\.m2\repository\org\apache\commons\commons-lang3\3.8\commons-lang3-3.8.jar;C:\Users\Jarrod\.m2\repository\commons-io\commons-io\2.6\commons-io-2.6.jar;C:\Users\Jarrod\.m2\repository\commons-httpclient\commons-httpclient\3.1-atlassian-2\commons-httpclient-3.1-atlassian-2.jar;C:\Users\Jarrod\.m2\repository\log4j\log4j\1.2.17-atlassian-2\log4j-1.2.17-atlassian-2.jar;C:\Users\Jarrod\.m2\repository\org\slf4j\slf4j-api\1.7.25\slf4j-api-1.7.25.jar;C:\Users\Jarrod\.m2\repository\com\atlassian\profiling\atlassian-profiling\3.2.0\atlassian-profiling-3.2.0.jar;C:\Users\Jarrod\.m2\repository\com\atlassian\scheduler\atlassian-scheduler-api\3.0.0\atlassian-scheduler-api-3.0.0.jar;C:\Users\Jarrod\.m2\repository\com\atlassian\analytics\analytics-api\5.7.2\analytics-api-5.7.2.jar;C:\Users\Jarrod\.m2\repository\com\atlassian\application\atlassian-application-api\2.0.0\atlassian-application-api-2.0.0.jar;C:\Users\Jarrod\.m2\repository\javax\validation\validation-api\2.0.1.Final\validation-api-2.0.1.Final.jar;C:\Users\Jarrod\.m2\repository\javax\inject\javax.inject\1\javax.inject-1.jar;C:\Users\Jarrod\.m2\repository\com\atlassian\lucene-extras\7.3.1-atlassian-4\lucene-extras-7.3.1-atlassian-4.jar;C:\Users\Jarrod\.m2\repository\com\atlassian\plugin\atlassian-spring-scanner-annotation\2.2.0\atlassian-spring-scanner-annotation-2.2.0.jar;C:\Users\Jarrod\.m2\repository\com\atlassian\jira\tests\jira-testkit-client\8.2.0\jira-testkit-client-8.2.0.jar;C:\Users\Jarrod\.m2\repository\javax\xml\bind\jaxb-api\2.3.0\jaxb-api-2.3.0.jar;C:\Users\Jarrod\.m2\repository\com\sun\xml\bind\jaxb-core\2.3.0\jaxb-core-2.3.0.jar;C:\Users\Jarrod\.m2\repository\com\sun\xml\bind\jaxb-impl\2.3.0\jaxb-impl-2.3.0.jar;C:\Users\Jarrod\.m2\repository\com\atlassian\jira\tests\jira-testkit-common\8.2.0\jira-testkit-common-8.2.0.jar;C:\Users\Jarrod\.m2\repository\com\atlassian\jira\jira-rest-api\6.8.6\jira-rest-api-6.8.6.jar;C:\Users\Jarrod\.m2\repository\junit\junit-dep\4.10\junit-dep-4.10.jar;C:\Users\Jarrod\.m2\repository\xerces\xercesImpl\2.9.1\xercesImpl-2.9.1.jar;C:\Users\Jarrod\.m2\repository\axis\axis\1.3-atlassian-1\axis-1.3-atlassian-1.jar;C:\Users\Jarrod\.m2\repository\axis\axis-jaxrpc\1.3\axis-jaxrpc-1.3.jar;C:\Users\Jarrod\.m2\repository\axis\axis-saaj\1.3\axis-saaj-1.3.jar;C:\Users\Jarrod\.m2\repository\wsdl4j\wsdl4j\1.5.1\wsdl4j-1.5.1.jar;C:\Users\Jarrod\.m2\repository\io\atlassian\util\concurrent\atlassian-util-concurrent\4.0.1\atlassian-util-concurrent-4.0.1.jar;C:\Users\Jarrod\.m2\repository\org\hamcrest\hamcrest-core\1.2\hamcrest-core-1.2.jar;C:\Users\Jarrod\.m2\repository\org\hamcrest\hamcrest-library\1.2\hamcrest-library-1.2.jar;C:\Users\Jarrod\.m2\repository\org\jsoup\jsoup\1.8.3\jsoup-1.8.3.jar;C:\Users\Jarrod\.m2\repository\com\sun\jersey\jersey-core\1.19\jersey-core-1.19.jar;C:\Users\Jarrod\.m2\repository\com\sun\jersey\jersey-client\1.19\jersey-client-1.19.jar;C:\Users\Jarrod\.m2\repository\com\sun\jersey\jersey-json\1.19\jersey-json-1.19.jar;C:\Users\Jarrod\.m2\repository\org\codehaus\jettison\jettison\1.1\jettison-1.1.jar;C:\Users\Jarrod\.m2\repository\com\sun\jersey\contribs\jersey-apache-client\1.19\jersey-apache-client-1.19.jar;C:\Users\Jarrod\.m2\repository\com\sun\jersey\contribs\jersey-multipart\1.19\jersey-multipart-1.19.jar;C:\Users\Jarrod\.m2\repository\org\jvnet\mimepull\mimepull\1.9.3\mimepull-1.9.3.jar;C:\Users\Jarrod\.m2\repository\org\json\org.json\chargebee-1.0\org.json-chargebee-1.0.jar;C:\Users\Jarrod\.m2\repository\org\codehaus\jackson\jackson-jaxrs\1.9.1\jackson-jaxrs-1.9.1.jar;C:\Users\Jarrod\.m2\repository\org\codehaus\jackson\jackson-xc\1.9.1\jackson-xc-1.9.1.jar;C:\Users\Jarrod\.m2\repository\com\atlassian\jira\jira-func-tests\8.5.0\jira-func-tests-8.5.0.jar;C:\Users\Jarrod\.m2\repository\com\atlassian\jira\jira-core\8.5.0\jira-core-8.5.0.jar;C:\Users\Jarrod\.m2\repository\com\atlassian\jira\jira-dmz-api\8.5.0\jira-dmz-api-8.5.0.jar;C:\Users\Jarrod\.m2\repository\com\atlassian\jira\jira-lucene-dmz\8.5.0\jira-lucene-dmz-8.5.0.jar;C:\Users\Jarrod\.m2\repository\org\apache\lucene\lucene-core\7.3.1\lucene-core-7.3.1.jar;C:\Users\Jarrod\.m2\repository\org\apache\lucene\lucene-join\7.3.1\lucene-join-7.3.1.jar;C:\Users\Jarrod\.m2\repository\com\atlassian\crowd\embedded-crowd-core\2.10.5-j11\embedded-crowd-core-2.10.5-j11.jar;C:\Users\Jarrod\.m2\repository\com\atlassian\crowd\crowd-core-tiny\2.10.5-j11\crowd-core-tiny-2.10.5-j11.jar;C:\Users\Jarrod\.m2\repository\com\atlassian\crowd\embedded-crowd-spi\2.10.5-j11\embedded-crowd-spi-2.10.5-j11.jar;C:\Users\Jarrod\.m2\repository\com\atlassian\crowd\crowd-api\2.10.5-j11\crowd-api-2.10.5-j11.jar;C:\Users\Jarrod\.m2\repository\com\atlassian\crowd\crowd-server-api\2.10.5-j11\crowd-server-api-2.10.5-j11.jar;C:\Users\Jarrod\.m2\repository\com\atlassian\extras\atlassian-extras-api\3.2\atlassian-extras-api-3.2.jar;C:\Users\Jarrod\.m2\repository\com\atlassian\crowd\crowd-core\2.10.5-j11\crowd-core-2.10.5-j11.jar;C:\Users\Jarrod\.m2\repository\net\sf\ehcache\ehcache\2.9.0\ehcache-2.9.0.jar;C:\Users\Jarrod\.m2\repository\com\atlassian\crowd\crowd-integration-api\2.10.5-j11\crowd-integration-api-2.10.5-j11.jar;C:\Users\Jarrod\.m2\repository\com\atlassian\crowd\crowd-integration-client-rest\2.10.5-j11\crowd-integration-client-rest-2.10.5-j11.jar;C:\Users\Jarrod\.m2\repository\com\atlassian\crowd\crowd-integration-client-common\2.10.5-j11\crowd-integration-client-common-2.10.5-j11.jar;C:\Users\Jarrod\.m2\repository\com\atlassian\security\atlassian-cookie-tools\3.2.4\atlassian-cookie-tools-3.2.4.jar;C:\Users\Jarrod\.m2\repository\com\atlassian\crowd\crowd-persistence\2.10.5-j11\crowd-persistence-2.10.5-j11.jar;C:\Users\Jarrod\.m2\repository\com\atlassian\crowd\crowd-events\2.10.5-j11\crowd-events-2.10.5-j11.jar;C:\Users\Jarrod\.m2\repository\com\atlassian\crowd\crowd-ldap\2.10.5-j11\crowd-ldap-2.10.5-j11.jar;C:\Users\Jarrod\.m2\repository\com\google\code\findbugs\annotations\3.0.0\annotations-3.0.0.jar;C:\Users\Jarrod\.m2\repository\com\atlassian\crowd\crowd-remote\2.10.5-j11\crowd-remote-2.10.5-j11.jar;C:\Users\Jarrod\.m2\repository\com\atlassian\crowd\crowd-server-common\2.10.5-j11\crowd-server-common-2.10.5-j11.jar;C:\Users\Jarrod\.m2\repository\com\atlassian\crowd\crowd-password-encoders\2.10.5-j11\crowd-password-encoders-2.10.5-j11.jar;C:\Users\Jarrod\.m2\repository\com\atlassian\util\concurrent\atlassian-util-concurrent\3.0.0\atlassian-util-concurrent-3.0.0.jar;C:\Users\Jarrod\.m2\repository\com\atlassian\http\atlassian-http\2.0.2\atlassian-http-2.0.2.jar;C:\Users\Jarrod\.m2\repository\com\querydsl\querydsl-sql\4.1.4\querydsl-sql-4.1.4.jar;C:\Users\Jarrod\.m2\repository\com\querydsl\querydsl-core\4.1.4\querydsl-core-4.1.4.jar;C:\Users\Jarrod\.m2\repository\com\mysema\commons\mysema-commons-lang\0.2.4\mysema-commons-lang-0.2.4.jar;C:\Users\Jarrod\.m2\repository\com\atlassian\ip\atlassian-ip\3.0\atlassian-ip-3.0.jar;C:\Users\Jarrod\.m2\repository\com\atlassian\security\atlassian-password-encoder\3.2.3\atlassian-password-encoder-3.2.3.jar;C:\Users\Jarrod\.m2\repository\com\atlassian\security\atlassian-secure-utils\3.2.3\atlassian-secure-utils-3.2.3.jar;C:\Users\Jarrod\.m2\repository\org\springframework\security\spring-security-core\3.1.7.RELEASE\spring-security-core-3.1.7.RELEASE.jar;C:\Users\Jarrod\.m2\repository\org\springframework\spring-context\5.0.10.RELEASE\spring-context-5.0.10.RELEASE.jar;C:\Users\Jarrod\.m2\repository\org\springframework\spring-aop\5.0.10.RELEASE\spring-aop-5.0.10.RELEASE.jar;C:\Users\Jarrod\.m2\repository\org\springframework\spring-expression\5.0.10.RELEASE\spring-expression-5.0.10.RELEASE.jar;C:\Users\Jarrod\.m2\repository\org\springframework\spring-core\5.0.10.RELEASE\spring-core-5.0.10.RELEASE.jar;C:\Users\Jarrod\.m2\repository\org\springframework\spring-jcl\5.0.10.RELEASE\spring-jcl-5.0.10.RELEASE.jar;C:\Users\Jarrod\.m2\repository\org\springframework\spring-beans\5.0.10.RELEASE\spring-beans-5.0.10.RELEASE.jar;C:\Users\Jarrod\.m2\repository\org\springframework\spring-tx\5.0.10.RELEASE\spring-tx-5.0.10.RELEASE.jar;C:\Users\Jarrod\.m2\repository\com\atlassian\crowd\crowd-integration-seraph\2.10.5-j11\crowd-integration-seraph-2.10.5-j11.jar;C:\Users\Jarrod\.m2\repository\com\atlassian\crowd\crowd-query-language\2.10.5-j11\crowd-query-language-2.10.5-j11.jar;C:\Users\Jarrod\.m2\repository\org\codehaus\xfire\xfire-core\1.2.6\xfire-core-1.2.6.jar;C:\Users\Jarrod\.m2\repository\org\codehaus\xfire\xfire-aegis\1.2.6\xfire-aegis-1.2.6.jar;C:\Users\Jarrod\.m2\repository\com\atlassian\soy\soy-template-renderer-api\5.0.0\soy-template-renderer-api-5.0.0.jar;C:\Users\Jarrod\.m2\repository\com\atlassian\soy\soy-template-renderer-plugin-api\5.0.0\soy-template-renderer-plugin-api-5.0.0.jar;C:\Users\Jarrod\.m2\repository\com\atlassian\sal\sal-spi\4.0.0\sal-spi-4.0.0.jar;C:\Users\Jarrod\.m2\repository\com\atlassian\gadgets\atlassian-gadgets-spi\4.3.10\atlassian-gadgets-spi-4.3.10.jar;C:\Users\Jarrod\.m2\repository\com\atlassian\oauth\atlassian-oauth-api\4.0.2\atlassian-oauth-api-4.0.2.jar;C:\Users\Jarrod\.m2\repository\com\atlassian\p4package\atlassian-p4package\2007.12.14\atlassian-p4package-2007.12.14.jar;C:\Users\Jarrod\.m2\repository\com\atlassian\vcache\atlassian-vcache-internal-legacy\1.12.0\atlassian-vcache-internal-legacy-1.12.0.jar;C:\Users\Jarrod\.m2\repository\com\atlassian\vcache\atlassian-vcache-internal-core\1.12.0\atlassian-vcache-internal-core-1.12.0.jar;C:\Users\Jarrod\.m2\repository\com\atlassian\vcache\atlassian-vcache-internal-api\1.12.0\atlassian-vcache-internal-api-1.12.0.jar;C:\Users\Jarrod\.m2\repository\com\atlassian\vcache\atlassian-vcache-internal-memcached\1.12.0\atlassian-vcache-internal-memcached-1.12.0.jar;C:\Users\Jarrod\.m2\repository\com\atlassian\vcache\atlassian-vcache-internal-guava\1.12.0\atlassian-vcache-internal-guava-1.12.0.jar;C:\Users\Jarrod\.m2\repository\net\spy\spymemcached\2.12.0\spymemcached-2.12.0.jar;C:\Users\Jarrod\.m2\repository\com\atlassian\cache\atlassian-cache-ehcache\4.0.0\atlassian-cache-ehcache-4.0.0.jar;C:\Users\Jarrod\.m2\repository\com\atlassian\cache\atlassian-cache-common-impl\4.0.0\atlassian-cache-common-impl-4.0.0.jar;C:\Users\Jarrod\.m2\repository\com\atlassian\cache\atlassian-cache-memory\4.0.0\atlassian-cache-memory-4.0.0.jar;C:\Users\Jarrod\.m2\repository\com\atlassian\beehive\beehive-core\4.0.1\beehive-core-4.0.1.jar;C:\Users\Jarrod\.m2\repository\com\atlassian\beehive\beehive-single-node\4.0.1\beehive-single-node-4.0.1.jar;C:\Users\Jarrod\.m2\repository\com\atlassian\beehive\beehive-db\4.0.1\beehive-db-4.0.1.jar;C:\Users\Jarrod\.m2\repository\com\atlassian\config\atlassian-config\0.15\atlassian-config-0.15.jar;C:\Users\Jarrod\.m2\repository\com\atlassian\spring\atlassian-spring\1.1\atlassian-spring-1.1.jar;C:\Users\Jarrod\.m2\repository\javax\servlet\servlet-api\2.3\servlet-api-2.3.jar;C:\Users\Jarrod\.m2\repository\org\springframework\spring-web\2.0.6\spring-web-2.0.6.jar;C:\Users\Jarrod\.m2\repository\org\springframework\spring-hibernate2\2.0.6\spring-hibernate2-2.0.6.jar;C:\Users\Jarrod\.m2\repository\org\springframework\spring-dao\2.0.6\spring-dao-2.0.6.jar;C:\Users\Jarrod\.m2\repository\org\springframework\spring-jdbc\2.0.6\spring-jdbc-2.0.6.jar;C:\Users\Jarrod\.m2\repository\hibernate\hibernate\2.1.8-atlassian\hibernate-2.1.8-atlassian.jar;C:\Users\Jarrod\.m2\repository\com\atlassian\atlassian-localhost\1.1.0\atlassian-localhost-1.1.0.jar;C:\Users\Jarrod\.m2\repository\com\sun\jai_core\1.1.3\jai_core-1.1.3.jar;C:\Users\Jarrod\.m2\repository\com\sun\jai_codec\1.1.3\jai_codec-1.1.3.jar;C:\Users\Jarrod\.m2\repository\com\atlassian\activeobjects\activeobjects-spi\3.0.1\activeobjects-spi-3.0.1.jar;C:\Users\Jarrod\.m2\repository\io\dropwizard\metrics\metrics-core\4.0.3\metrics-core-4.0.3.jar;C:\Users\Jarrod\.m2\repository\io\dropwizard\metrics\metrics-jmx\4.0.3\metrics-jmx-4.0.3.jar;C:\Users\Jarrod\.m2\repository\com\atlassian\adapter\jackson\1.0\jackson-1.0.jar;C:\Users\Jarrod\.m2\repository\com\atlassian\profiling\atlassian-profiling-dropwizard-metrics\3.2.0\atlassian-profiling-dropwizard-metrics-3.2.0.jar;C:\Users\Jarrod\.m2\repository\org\slf4j\slf4j-log4j12\1.7.25\slf4j-log4j12-1.7.25.jar;C:\Users\Jarrod\.m2\repository\org\slf4j\jul-to-slf4j\1.7.25\jul-to-slf4j-1.7.25.jar;C:\Users\Jarrod\.m2\repository\org\slf4j\jcl-over-slf4j\1.7.25\jcl-over-slf4j-1.7.25.jar;C:\Users\Jarrod\.m2\repository\com\atlassian\atlassian-logging\2.21\atlassian-logging-2.21.jar;C:\Users\Jarrod\.m2\repository\org\apache\logging\log4j\log4j2-stacktrace-origins\2.2-atlassian-2\log4j2-stacktrace-origins-2.2-atlassian-2.jar;C:\Users\Jarrod\.m2\repository\com\github\rholder\guava-retrying\1.0.7\guava-retrying-1.0.7.jar;C:\Users\Jarrod\.m2\repository\com\atlassian\jdk\utilities\atlassian-jdk-utilities\0.6\atlassian-jdk-utilities-0.6.jar;C:\Users\Jarrod\.m2\repository\com\atlassian\scheduler\atlassian-scheduler-core\3.0.0\atlassian-scheduler-core-3.0.0.jar;C:\Users\Jarrod\.m2\repository\com\atlassian\scheduler\caesium\atlassian-scheduler-caesium\3.0.2\atlassian-scheduler-caesium-3.0.2.jar;C:\Users\Jarrod\.m2\repository\com\atlassian\plugins\atlassian-plugins-core\5.2.2\atlassian-plugins-core-5.2.2.jar;C:\Users\Jarrod\.m2\repository\net\jcip\com.springsource.net.jcip.annotations\1.0.0\com.springsource.net.jcip.annotations-1.0.0.jar;C:\Users\Jarrod\.m2\repository\com\atlassian\plugins\atlassian-plugins-schema\5.2.2\atlassian-plugins-schema-5.2.2.jar;C:\Users\Jarrod\.m2\repository\com\google\code\gson\gson\2.3.1\gson-2.3.1.jar;C:\Users\Jarrod\.m2\repository\com\atlassian\plugins\atlassian-plugins-osgi\5.2.2\atlassian-plugins-osgi-5.2.2.jar;C:\Users\Jarrod\.m2\repository\biz\aQute\bnd\biz.aQute.bndlib\3.5.0\biz.aQute.bndlib-3.5.0.jar;C:\Users\Jarrod\.m2\repository\org\apache\felix\org.apache.felix.framework\5.6.12\org.apache.felix.framework-5.6.12.jar;C:\Users\Jarrod\.m2\repository\io\github\lukehutch\fast-classpath-scanner\2.18.1\fast-classpath-scanner-2.18.1.jar;C:\Users\Jarrod\.m2\repository\com\atlassian\plugins\atlassian-plugins-osgi-events\5.2.2\atlassian-plugins-osgi-events-5.2.2.jar;C:\Users\Jarrod\.m2\repository\com\atlassian\plugins\atlassian-plugins-eventlistener\5.2.2\atlassian-plugins-eventlistener-5.2.2.jar;C:\Users\Jarrod\.m2\repository\com\atlassian\seraph\atlassian-seraph\4.0.2\atlassian-seraph-4.0.2.jar;C:\Users\Jarrod\.m2\repository\com\atlassian\security\atlassian-secure-random\3.2.3\atlassian-secure-random-3.2.3.jar;C:\Users\Jarrod\.m2\repository\com\atlassian\security\auth\trustedapps\atlassian-trusted-apps-seraph-integration\5.0.0\atlassian-trusted-apps-seraph-integration-5.0.0.jar;C:\Users\Jarrod\.m2\repository\com\atlassian\upgrade\upgrade-task-framework-core\2.0.2\upgrade-task-framework-core-2.0.2.jar;C:\Users\Jarrod\.m2\repository\com\atlassian\renderer\atlassian-renderer\8.0.27\atlassian-renderer-8.0.27.jar;C:\Users\Jarrod\.m2\repository\com\atlassian\gzipfilter\atlassian-gzipfilter\3.0.0\atlassian-gzipfilter-3.0.0.jar;C:\Users\Jarrod\.m2\repository\com\atlassian\gzipfilter\atlassian-flushable-gzipoutputstream\1.1\atlassian-flushable-gzipoutputstream-1.1.jar;C:\Users\Jarrod\.m2\repository\com\atlassian\gzipfilter\atlassian-gzipfilter-legacy\1.23.0\atlassian-gzipfilter-legacy-1.23.0.jar;C:\Users\Jarrod\.m2\repository\opensymphony\sitemesh\2.5-atlassian-11\sitemesh-2.5-atlassian-11.jar;C:\Users\Jarrod\.m2\repository\commons-configuration\commons-configuration\1.0\commons-configuration-1.0.jar;C:\Users\Jarrod\.m2\repository\org\apache\lucene\lucene-analyzers-common\7.3.1\lucene-analyzers-common-7.3.1.jar;C:\Users\Jarrod\.m2\repository\org\apache\lucene\lucene-queryparser\7.3.1\lucene-queryparser-7.3.1.jar;C:\Users\Jarrod\.m2\repository\org\apache\lucene\lucene-queries\7.3.1\lucene-queries-7.3.1.jar;C:\Users\Jarrod\.m2\repository\org\apache\lucene\lucene-sandbox\7.3.1\lucene-sandbox-7.3.1.jar;C:\Users\Jarrod\.m2\repository\org\apache\velocity\velocity-tools\1.3\velocity-tools-1.3.jar;C:\Users\Jarrod\.m2\repository\com\atlassian\db\config\password-cipher-base\1.0.15\password-cipher-base-1.0.15.jar;C:\Users\Jarrod\.m2\repository\com\atlassian\db\config\password-cipher-api\1.0.15\password-cipher-api-1.0.15.jar;C:\Users\Jarrod\.m2\repository\glue\glue\5.0b2\glue-5.0b2.jar;C:\Users\Jarrod\.m2\repository\bsf\bsf\2.2\bsf-2.2.jar;C:\Users\Jarrod\.m2\repository\bsh\bsh\1.2b7\bsh-1.2b7.jar;C:\Users\Jarrod\.m2\repository\csv\csv\20\csv-20.jar;C:\Users\Jarrod\.m2\repository\org\picocontainer\picocontainer\2.14.3\picocontainer-2.14.3.jar;C:\Users\Jarrod\.m2\repository\jzlib\jzlib\1.0.5\jzlib-1.0.5.jar;C:\Users\Jarrod\.m2\repository\com\octo\captcha\jcaptcha\2.0-alpha-1\jcaptcha-2.0-alpha-1.jar;C:\Users\Jarrod\.m2\repository\com\octo\captcha\jcaptcha-api\2.0-alpha-1\jcaptcha-api-2.0-alpha-1.jar;C:\Users\Jarrod\.m2\repository\com\jhlabs\filters\2.0.235\filters-2.0.235.jar;C:\Users\Jarrod\.m2\repository\org\apache\commons\commons-dbcp2\2.1\commons-dbcp2-2.1.jar;C:\Users\Jarrod\.m2\repository\org\apache\commons\commons-pool2\2.3\commons-pool2-2.3.jar;C:\Users\Jarrod\.m2\repository\commons-pool\commons-pool\1.6\commons-pool-1.6.jar;C:\Users\Jarrod\.m2\repository\com\h2database\h2\1.4.185\h2-1.4.185.jar;C:\Users\Jarrod\.m2\repository\hsqldb\hsqldb\1.8.0.5\hsqldb-1.8.0.5.jar;C:\Users\Jarrod\.m2\repository\jndi\jndi\1.2.1\jndi-1.2.1.jar;C:\Users\Jarrod\.m2\repository\ots-jts\ots-jts\1.0\ots-jts-1.0.jar;C:\Users\Jarrod\.m2\repository\jotm\jotm\1.4.3\jotm-1.4.3.jar;C:\Users\Jarrod\.m2\repository\jotm\jotm-jrmp_stubs\1.4.3\jotm-jrmp_stubs-1.4.3.jar;C:\Users\Jarrod\.m2\repository\jotm\jotm-iiop_stubs\1.4.3\jotm-iiop_stubs-1.4.3.jar;C:\Users\Jarrod\.m2\repository\jotm\jonas_timer\1.4.3\jonas_timer-1.4.3.jar;C:\Users\Jarrod\.m2\repository\jotm\objectweb-datasource\1.4.3\objectweb-datasource-1.4.3.jar;C:\Users\Jarrod\.m2\repository\carol\carol\1.5.2\carol-1.5.2.jar;C:\Users\Jarrod\.m2\repository\carol\carol-properties\1.5.2\carol-properties-1.5.2.jar;C:\Users\Jarrod\.m2\repository\xapool\xapool\1.3.1\xapool-1.3.1.jar;C:\Users\Jarrod\.m2\repository\commons-jexl\commons-jexl\1.1\commons-jexl-1.1.jar;C:\Users\Jarrod\.m2\repository\commons-fileupload\commons-fileupload\1.3.3\commons-fileupload-1.3.3.jar;C:\Users\Jarrod\.m2\repository\org\apache\commons\commons-compress\1.8.1\commons-compress-1.8.1.jar;C:\Users\Jarrod\.m2\repository\xalan\xalan\2.7.2\xalan-2.7.2.jar;C:\Users\Jarrod\.m2\repository\xalan\serializer\2.7.2\serializer-2.7.2.jar;C:\Users\Jarrod\.m2\repository\xml-security\xmlsec\1.4.2\xmlsec-1.4.2.jar;C:\Users\Jarrod\.m2\repository\com\atlassian\security\atlassian-secure-xml\3.2.3\atlassian-secure-xml-3.2.3.jar;C:\Users\Jarrod\.m2\repository\datafile\datafile\1.3.3\datafile-1.3.3.jar;C:\Users\Jarrod\.m2\repository\xpp3\xpp3\1.1.4c\xpp3-1.1.4c.jar;C:\Users\Jarrod\.m2\repository\com\thoughtworks\xstream\xstream\1.4.9\xstream-1.4.9.jar;C:\Users\Jarrod\.m2\repository\xmlpull\xmlpull\1.1.3.1\xmlpull-1.1.3.1.jar;C:\Users\Jarrod\.m2\repository\radeox\radeox\1.0b2-forked-22Apr2004\radeox-1.0b2-forked-22Apr2004.jar;C:\Users\Jarrod\.m2\repository\jtidy\jtidy\r8-20050104\jtidy-r8-20050104.jar;C:\Users\Jarrod\.m2\repository\jdom\jdom\1.0\jdom-1.0.jar;C:\Users\Jarrod\.m2\repository\org\codehaus\woodstox\wstx-asl\3.2.4\wstx-asl-3.2.4.jar;C:\Users\Jarrod\.m2\repository\com\atlassian\modzdetector\modz-detector\0.12\modz-detector-0.12.jar;C:\Users\Jarrod\.m2\repository\org\antlr\antlr-runtime\3.5.2\antlr-runtime-3.5.2.jar;C:\Users\Jarrod\.m2\repository\commons-jrcs\commons-jrcs\diff-0.1.7\commons-jrcs-diff-0.1.7.jar;C:\Users\Jarrod\.m2\repository\com\atlassian\sal\sal-trust-api\4.0.0\sal-trust-api-4.0.0.jar;C:\Users\Jarrod\.m2\repository\com\atlassian\applinks\applinks-spi\7.0.0-MNSTR-2473\applinks-spi-7.0.0-MNSTR-2473.jar;C:\Users\Jarrod\.m2\repository\com\atlassian\applinks\applinks-host\7.0.0-MNSTR-2473\applinks-host-7.0.0-MNSTR-2473.jar;C:\Users\Jarrod\.m2\repository\commons-validator\commons-validator\1.6\commons-validator-1.6.jar;C:\Users\Jarrod\.m2\repository\com\atlassian\botocss\botocss-core\6.4\botocss-core-6.4.jar;C:\Users\Jarrod\.m2\repository\net\sf\cssbox\jstyleparser\1.16-atlassian-1\jstyleparser-1.16-atlassian-1.jar;C:\Users\Jarrod\.m2\repository\com\atlassian\json\atlassian-json-api\0.9\atlassian-json-api-0.9.jar;C:\Users\Jarrod\.m2\repository\com\atlassian\plugins\atlassian-plugins-webresource-common\5.2.2\atlassian-plugins-webresource-common-5.2.2.jar;C:\Users\Jarrod\.m2\repository\com\atlassian\application\atlassian-application-host\2.0.0\atlassian-application-host-2.0.0.jar;C:\Users\Jarrod\.m2\repository\org\apache\xmlgraphics\batik-transcoder\1.9\batik-transcoder-1.9.jar;C:\Users\Jarrod\.m2\repository\org\apache\xmlgraphics\batik-anim\1.9\batik-anim-1.9.jar;C:\Users\Jarrod\.m2\repository\org\apache\xmlgraphics\batik-css\1.9\batik-css-1.9.jar;C:\Users\Jarrod\.m2\repository\org\apache\xmlgraphics\xmlgraphics-commons\2.2\xmlgraphics-commons-2.2.jar;C:\Users\Jarrod\.m2\repository\org\apache\xmlgraphics\batik-ext\1.9\batik-ext-1.9.jar;C:\Users\Jarrod\.m2\repository\org\apache\xmlgraphics\batik-parser\1.9\batik-parser-1.9.jar;C:\Users\Jarrod\.m2\repository\org\apache\xmlgraphics\batik-svg-dom\1.9\batik-svg-dom-1.9.jar;C:\Users\Jarrod\.m2\repository\org\apache\xmlgraphics\batik-awt-util\1.9\batik-awt-util-1.9.jar;C:\Users\Jarrod\.m2\repository\org\apache\xmlgraphics\batik-bridge\1.9\batik-bridge-1.9.jar;C:\Users\Jarrod\.m2\repository\org\apache\xmlgraphics\batik-script\1.9\batik-script-1.9.jar;C:\Users\Jarrod\.m2\repository\org\apache\xmlgraphics\batik-dom\1.9\batik-dom-1.9.jar;C:\Users\Jarrod\.m2\repository\org\apache\xmlgraphics\batik-gvt\1.9\batik-gvt-1.9.jar;C:\Users\Jarrod\.m2\repository\org\apache\xmlgraphics\batik-util\1.9\batik-util-1.9.jar;C:\Users\Jarrod\.m2\repository\org\apache\xmlgraphics\batik-constants\1.9\batik-constants-1.9.jar;C:\Users\Jarrod\.m2\repository\org\apache\xmlgraphics\batik-i18n\1.9\batik-i18n-1.9.jar;C:\Users\Jarrod\.m2\repository\org\apache\xmlgraphics\batik-xml\1.9\batik-xml-1.9.jar;C:\Users\Jarrod\.m2\repository\xml-apis\xml-apis-ext\1.3.04\xml-apis-ext-1.3.04.jar;C:\Users\Jarrod\.m2\repository\org\apache\xmlgraphics\batik-codec\1.9\batik-codec-1.9.jar;C:\Users\Jarrod\.m2\repository\com\atlassian\web\atlassian-servlet-api\4.0.0\atlassian-servlet-api-4.0.0.jar;C:\Users\Jarrod\.m2\repository\io\atlassian\fugue\fugue-guava\4.7.2\fugue-guava-4.7.2.jar;C:\Users\Jarrod\.m2\repository\io\atlassian\fugue\fugue-retry\4.7.2\fugue-retry-4.7.2.jar;C:\Users\Jarrod\.m2\repository\com\squareup\tape\1.2.3\tape-1.2.3.jar;C:\Users\Jarrod\.m2\repository\org\xerial\snappy\snappy-java\1.1.1.7\snappy-java-1.1.1.7.jar;C:\Users\Jarrod\.m2\repository\com\atlassian\diagnostics\atlassian-diagnostics-api\1.1.10\atlassian-diagnostics-api-1.1.10.jar;C:\Users\Jarrod\.m2\repository\com\atlassian\diagnostics\atlassian-diagnostics-core\1.1.10\atlassian-diagnostics-core-1.1.10.jar;C:\Users\Jarrod\.m2\repository\com\atlassian\diagnostics\atlassian-diagnostics-platform\1.1.10\atlassian-diagnostics-platform-1.1.10.jar;C:\Users\Jarrod\.m2\repository\com\github\oshi\oshi-core\3.4.0\oshi-core-3.4.0.jar;C:\Users\Jarrod\.m2\repository\net\java\dev\jna\jna-platform\4.2.2\jna-platform-4.2.2.jar;C:\Users\Jarrod\.m2\repository\net\java\dev\jna\jna\4.2.2\jna-4.2.2.jar;C:\Users\Jarrod\.m2\repository\com\atlassian\healthcheck\atlassian-healthcheck-spi\6.0.0\atlassian-healthcheck-spi-6.0.0.jar;C:\Users\Jarrod\.m2\repository\com\atlassian\jira\jira-tests-lic\8.5.0\jira-tests-lic-8.5.0.jar;C:\Users\Jarrod\.m2\repository\com\atlassian\jira\jira-rest-java-client-core\5.1.2-2bd0a62e\jira-rest-java-client-core-5.1.2-2bd0a62e.jar;C:\Users\Jarrod\.m2\repository\com\atlassian\jira\jira-rest-java-client-api\5.1.2-2bd0a62e\jira-rest-java-client-api-5.1.2-2bd0a62e.jar;C:\Users\Jarrod\.m2\repository\com\atlassian\httpclient\atlassian-httpclient-library\2.0.0\atlassian-httpclient-library-2.0.0.jar;C:\Users\Jarrod\.m2\repository\org\apache\httpcomponents\httpasyncclient-cache\4.1.4\httpasyncclient-cache-4.1.4.jar;C:\Users\Jarrod\.m2\repository\org\apache\httpcomponents\httpasyncclient\4.1.4\httpasyncclient-4.1.4.jar;C:\Users\Jarrod\.m2\repository\org\apache\httpcomponents\httpcore-nio\4.4.10\httpcore-nio-4.4.10.jar;C:\Users\Jarrod\.m2\repository\org\apache\httpcomponents\httpclient-cache\4.5.5\httpclient-cache-4.5.5.jar;C:\Users\Jarrod\.m2\repository\org\apache\httpcomponents\httpcore\4.4.9\httpcore-4.4.9.jar;C:\Users\Jarrod\.m2\repository\org\apache\httpcomponents\httpmime\4.5.5\httpmime-4.5.5.jar;C:\Users\Jarrod\.m2\repository\com\atlassian\plugins\rest\atlassian-rest-common\6.0.2\atlassian-rest-common-6.0.2.jar;C:\Users\Jarrod\.m2\repository\javax\ws\rs\jsr311-api\1.1.1\jsr311-api-1.1.1.jar;C:\Users\Jarrod\.m2\repository\com\sun\jersey\jersey-server\1.19.4\jersey-server-1.19.4.jar;C:\Users\Jarrod\.m2\repository\org\ow2\asm\asm\7.1\asm-7.1.jar;C:\Users\Jarrod\.m2\repository\com\sun\jersey\jersey-servlet\1.19.4\jersey-servlet-1.19.4.jar;C:\Users\Jarrod\.m2\repository\com\atlassian\jira\jira-rest-plugin\8.5.0\jira-rest-plugin-8.5.0.jar;C:\Users\Jarrod\.m2\repository\com\atlassian\classloader\atlassian-classloader\1.0\atlassian-classloader-1.0.jar;C:\Users\Jarrod\.m2\repository\net\sf\supercsv\super-csv\2.1.0\super-csv-2.1.0.jar;C:\Users\Jarrod\.m2\repository\com\atlassian\jira\jira-projects-page-objects\5.1.14\jira-projects-page-objects-5.1.14.jar;C:\Users\Jarrod\.m2\repository\org\mozilla\rhino\1.7R4\rhino-1.7R4.jar;C:\Users\Jarrod\.m2\repository\commons-codec\commons-codec\1.9\commons-codec-1.9.jar;C:\Users\Jarrod\.m2\repository\org\bouncycastle\bcprov-jdk15on\1.50\bcprov-jdk15on-1.50.jar;C:\Users\Jarrod\.m2\repository\opensymphony\oscore\2.2.7-atlassian-1\oscore-2.2.7-atlassian-1.jar;C:\Users\Jarrod\.m2\repository\exml\exml\7.1\exml-7.1.jar;C:\Users\Jarrod\.m2\repository\net\sourceforge\jwebunit\jwebunit\1.2-atlassian-6\jwebunit-1.2-atlassian-6.jar;C:\Users\Jarrod\.m2\repository\rhino\js\1.5R4-RC3\js-1.5R4-RC3.jar;C:\Users\Jarrod\.m2\repository\xml-apis\xml-apis\1.0.b2\xml-apis-1.0.b2.jar;C:\Users\Jarrod\.m2\repository\com\meteware\httpunit\httpunit\1.5.4-atlassian-14\httpunit-1.5.4-atlassian-14.jar;C:\Users\Jarrod\.m2\repository\junit\junit\4.12\junit-4.12.jar;C:\Users\Jarrod\.m2\repository\org\mockito\mockito-core\2.21.0\mockito-core-2.21.0.jar;C:\Users\Jarrod\.m2\repository\net\bytebuddy\byte-buddy\1.8.15\byte-buddy-1.8.15.jar;C:\Users\Jarrod\.m2\repository\net\bytebuddy\byte-buddy-agent\1.8.15\byte-buddy-agent-1.8.15.jar;C:\Users\Jarrod\.m2\repository\org\objenesis\objenesis\2.6\objenesis-2.6.jar;C:\Users\Jarrod\.m2\repository\commons-collections\commons-collections\3.2.2\commons-collections-3.2.2.jar;C:\Users\Jarrod\.m2\repository\com\atlassian\vcache\atlassian-vcache-api\1.12.0\atlassian-vcache-api-1.12.0.jar;C:\Users\Jarrod\.m2\repository\com\atlassian\marshalling\atlassian-marshalling-api\1.0.0\atlassian-marshalling-api-1.0.0.jar;C:\Users\Jarrod\.m2\repository\dom4j\dom4j\1.4\dom4j-1.4.jar;C:\Users\Jarrod\.m2\repository\com\icegreen\greenmail\1.3\greenmail-1.3.jar;C:\Users\Jarrod\.m2\repository\com\sun\activation\javax.activation\1.2.0\javax.activation-1.2.0.jar;C:\Users\Jarrod\.m2\repository\jaxen\jaxen\1.1.4\jaxen-1.1.4.jar;C:\Users\Jarrod\.m2\repository\commons-logging\commons-logging\1.1.1\commons-logging-1.1.1.jar;C:\Users\Jarrod\.m2\repository\xmlunit\xmlunit\1.0\xmlunit-1.0.jar;C:\Users\Jarrod\.m2\repository\nekohtml\nekohtml\1.9.14\nekohtml-1.9.14.jar;C:\Users\Jarrod\.m2\repository\org\mortbay\jetty\jetty\6.0.2\jetty-6.0.2.jar;C:\Users\Jarrod\.m2\repository\org\mortbay\jetty\jetty-util\6.0.2\jetty-util-6.0.2.jar;C:\Users\Jarrod\.m2\repository\commons-discovery\commons-discovery\0.2\commons-discovery-0.2.jar;C:\Users\Jarrod\.m2\repository\net\jcip\jcip-annotations\1.0\jcip-annotations-1.0.jar;C:\Users\Jarrod\.m2\repository\com\atlassian\cargo-test-runner\cargo-test-runner\2.10\cargo-test-runner-2.10.jar;C:\Users\Jarrod\.m2\repository\org\codehaus\cargo\cargo-core-uberjar\1.6.8\cargo-core-uberjar-1.6.8.jar;C:\Users\Jarrod\.m2\repository\org\jdom\jdom\1.1.3\jdom-1.1.3.jar;C:\Users\Jarrod\.m2\repository\org\apache\ant\ant\1.7.1\ant-1.7.1.jar;C:\Users\Jarrod\.m2\repository\org\apache\ant\ant-launcher\1.7.1\ant-launcher-1.7.1.jar;C:\Users\Jarrod\.m2\repository\com\googlecode\json-simple\json-simple\1.1.1\json-simple-1.1.1.jar;C:\Users\Jarrod\.m2\repository\com\fasterxml\jackson\dataformat\jackson-dataformat-yaml\2.7.9\jackson-dataformat-yaml-2.7.9.jar;C:\Users\Jarrod\.m2\repository\com\fasterxml\jackson\core\jackson-core\2.7.9\jackson-core-2.7.9.jar;C:\Users\Jarrod\.m2\repository\org\yaml\snakeyaml\1.15\snakeyaml-1.15.jar;C:\Users\Jarrod\.m2\repository\ant\ant\1.5.4\ant-1.5.4.jar;C:\Users\Jarrod\.m2\repository\cglib\cglib-nodep\2.1_3\cglib-nodep-2.1_3.jar;C:\Users\Jarrod\.m2\repository\com\jayway\awaitility\awaitility\1.6.3\awaitility-1.6.3.jar;C:\Users\Jarrod\.m2\repository\com\atlassian\jira\jira-tests\8.5.0\jira-tests-8.5.0.jar;C:\Users\Jarrod\.m2\repository\cglib\cglib\2.1_3\cglib-2.1_3.jar;C:\Users\Jarrod\.m2\repository\asm\asm\1.5.3\asm-1.5.3.jar;C:\Users\Jarrod\.m2\repository\mockobjects\mockobjects-jdk1.3-j2ee1.3\0.07\mockobjects-jdk1.3-j2ee1.3-0.07.jar;C:\Users\Jarrod\.m2\repository\com\atlassian\inception\inception\1.25\inception-1.25.jar;C:\Users\Jarrod\.m2\repository\com\atlassian\buildeng\hallelujah\api\3.6\api-3.6.jar;C:\Users\Jarrod\.m2\repository\com\atlassian\platform\ctk-plugin\3.0.5@platform_3.0.9-42e9935\ctk-plugin-3.0.5@platform_3.0.9-42e9935.jar;C:\Users\Jarrod\.m2\repository\org\hamcrest\hamcrest-all\1.3\hamcrest-all-1.3.jar;C:\Users\Jarrod\.m2\repository\net\oauth\core\oauth\20090617\oauth-20090617.jar;C:\Users\Jarrod\.m2\repository\net\oauth\core\oauth-httpclient4\20090617\oauth-httpclient4-20090617.jar;C:\Users\Jarrod\.m2\repository\net\oauth\core\oauth-consumer\20090617\oauth-consumer-20090617.jar;C:\Users\Jarrod\.m2\repository\org\springframework\spring-test\4.1.7.RELEASE\spring-test-4.1.7.RELEASE.jar;C:\Users\Jarrod\.m2\repository\org\twdata\pkgscanner\package-scanner\0.9.4\package-scanner-0.9.4.jar;C:\Users\Jarrod\.m2\repository\com\atlassian\security\auth\trustedapps\atlassian-trusted-apps-core\5.0.0\atlassian-trusted-apps-core-5.0.0.jar;C:\Users\Jarrod\.m2\repository\com\google\inject\guice\4.2.2\guice-4.2.2.jar;C:\Users\Jarrod\.m2\repository\aopalliance\aopalliance\1.0\aopalliance-1.0.jar;C:\Users\Jarrod\.m2\repository\org\springframework\ldap\spring-ldap-core\2.3.2.RELEASE\spring-ldap-core-2.3.2.RELEASE.jar;C:\Users\Jarrod\.m2\repository\com\atlassian\httpclient\atlassian-httpclient-api\2.0.0\atlassian-httpclient-api-2.0.0.jar;C:\Users\Jarrod\.m2\repository\com\atlassian\httpclient\atlassian-httpclient-plugin\2.0.0\atlassian-httpclient-plugin-2.0.0.jar;C:\Users\Jarrod\.m2\repository\com\atlassian\integrationtesting\atlassian-integrationtesting-lib\1.0.beta7\atlassian-integrationtesting-lib-1.0.beta7.jar;C:\Users\Jarrod\.m2\repository\net\sourceforge\htmlunit\htmlunit\2.8-atlassian-3\htmlunit-2.8-atlassian-3.jar;C:\Users\Jarrod\.m2\repository\net\sourceforge\htmlunit\htmlunit-core-js\2.8-20100618\htmlunit-core-js-2.8-20100618.jar;C:\Users\Jarrod\.m2\repository\net\sourceforge\nekohtml\nekohtml\1.9.14\nekohtml-1.9.14.jar;C:\Users\Jarrod\.m2\repository\net\sourceforge\cssparser\cssparser\0.9.5\cssparser-0.9.5.jar;C:\Users\Jarrod\.m2\repository\org\w3c\css\sac\1.3\sac-1.3.jar;C:\Users\Jarrod\.m2\repository\be\roam\hue\hue\1.1\hue-1.1.jar;C:\Users\Jarrod\.m2\repository\org\json\json\20070829\json-20070829.jar;C:\Users\Jarrod\.m2\repository\org\eclipse\jetty\jetty-server\7.6.1.v20120215\jetty-server-7.6.1.v20120215.jar;C:\Users\Jarrod\.m2\repository\org\eclipse\jetty\jetty-continuation\7.6.1.v20120215\jetty-continuation-7.6.1.v20120215.jar;C:\Users\Jarrod\.m2\repository\org\eclipse\jetty\jetty-http\7.6.1.v20120215\jetty-http-7.6.1.v20120215.jar;C:\Users\Jarrod\.m2\repository\org\eclipse\jetty\jetty-io\7.6.1.v20120215\jetty-io-7.6.1.v20120215.jar;C:\Users\Jarrod\.m2\repository\org\eclipse\jetty\jetty-servlet\7.6.1.v20120215\jetty-servlet-7.6.1.v20120215.jar;C:\Users\Jarrod\.m2\repository\org\eclipse\jetty\jetty-security\7.6.1.v20120215\jetty-security-7.6.1.v20120215.jar;C:\Users\Jarrod\.m2\repository\org\eclipse\jetty\jetty-servlets\7.6.1.v20120215\jetty-servlets-7.6.1.v20120215.jar;C:\Users\Jarrod\.m2\repository\org\eclipse\jetty\jetty-client\7.6.1.v20120215\jetty-client-7.6.1.v20120215.jar;C:\Users\Jarrod\.m2\repository\org\eclipse\jetty\jetty-util\7.6.1.v20120215\jetty-util-7.6.1.v20120215.jar;C:\Users\Jarrod\.m2\repository\com\atlassian\jira\jira-webhooks-plugin\8.5.0\jira-webhooks-plugin-8.5.0.jar;C:\Users\Jarrod\.m2\repository\com\atlassian\jira\plugins\jira-index-analyzer-plugin\8.5.0\jira-index-analyzer-plugin-8.5.0.jar;C:\Users\Jarrod\.m2\repository\org\assertj\assertj-core\3.11.1\assertj-core-3.11.1.jar;C:\Users\Jarrod\.m2\repository\org\slf4j\slf4j-simple\1.7.30\slf4j-simple-1.7.30.jar;C:\Users\Jarrod\.m2\repository\javax\servlet\javax.servlet-api\3.0.1\javax.servlet-api-3.0.1.jar;C:\Users\Jarrod\.m2\repository\org\apache\httpcomponents\httpclient\4.5.9\httpclient-4.5.9.jar;"/>
    <property name="sun.cpu.endian" value="little"/>
    <property name="user.home" value="C:\Users\Jarrod"/>
    <property name="user.language" value="en"/>
    <property name="java.specification.vendor" value="Oracle Corporation"/>
    <property name="java.version.date" value="2020-04-14"/>
    <property name="java.home" value="C:\Program Files\Java\jdk-14.0.1"/>
    <property name="file.separator" value="\"/>
    <property name="basedir" value="D:\github\confluence jira custom field workaround\Confluence-Jira-Macro-customfields-workaround"/>
    <property name="java.vm.compressedOopsMode" value="32-bit"/>
    <property name="line.separator" value="&#10;"/>
    <property name="java.vm.specification.vendor" value="Oracle Corporation"/>
    <property name="java.specification.name" value="Java Platform API Specification"/>
    <property name="surefire.real.class.path" value="C:\Users\Jarrod\AppData\Local\Temp\surefire13230071764741961546\surefirebooter5976256418830685887.jar"/>
    <property name="user.script" value=""/>
    <property name="sun.management.compiler" value="HotSpot 64-Bit Tiered Compilers"/>
    <property name="java.runtime.version" value="14.0.1+7"/>
    <property name="user.name" value="Jarrod"/>
    <property name="path.separator" value=";"/>
    <property name="os.version" value="10.0"/>
    <property name="java.runtime.name" value="Java(TM) SE Runtime Environment"/>
    <property name="file.encoding" value="Cp1252"/>
    <property name="java.vm.name" value="Java HotSpot(TM) 64-Bit Server VM"/>
    <property name="localRepository" value="C:\Users\Jarrod\.m2\repository"/>
    <property name="java.vendor.url.bug" value="https://bugreport.java.com/bugreport/"/>
    <property name="java.io.tmpdir" value="C:\Users\Jarrod\AppData\Local\Temp\"/>
    <property name="java.version" value="14.0.1"/>
    <property name="user.dir" value="D:\github\confluence jira custom field workaround\Confluence-Jira-Macro-customfields-workaround"/>
    <property name="os.arch" value="amd64"/>
    <property name="java.vm.specification.name" value="Java Virtual Machine Specification"/>
    <property name="sun.os.patch.level" value=""/>
    <property name="java.library.path" value="C:\Program Files\Java\jdk-14.0.1\bin;C:\WINDOWS\Sun\Java\bin;C:\WINDOWS\system32;C:\WINDOWS;C:\WINDOWS\system32;C:\WINDOWS;C:\WINDOWS\System32\Wbem;C:\WINDOWS\System32\WindowsPowerShell\v1.0\;C:\Program Files\NVIDIA Corporation\NVIDIA NvDLISR;C:\Program Files (x86)\NVIDIA Corporation\PhysX\Common;C:\WINDOWS\system32;C:\WINDOWS;C:\WINDOWS\System32\Wbem;C:\WINDOWS\System32\WindowsPowerShell\v1.0\;C:\WINDOWS\System32\OpenSSH\;C:\Program Files\nodejs\;D:\Program Files\Git\cmd;C:\Program Files\Java\jdk-14.0.1\bin;C:\Users\Jarrod\AppData\Local\Microsoft\WindowsApps;C:\Program Files\JetBrains\WebStorm 2019.2.4\bin;C:\Users\Jarrod\AppData\Roaming\npm;C:\Users\Jarrod\AppData\Local\Programs\Microsoft VS Code\bin;C:\Program Files\JetBrains\IntelliJ IDEA 2019.3.4\bin;D:\Applications\Atlassian\atlassian-plugin-sdk-8.0.16\bin;C:\Users\Jarrod\AppData\Local\GitHubDesktop\bin;."/>
    <property name="java.vm.info" value="mixed mode, sharing"/>
    <property name="java.vendor" value="Oracle Corporation"/>
    <property name="java.vm.version" value="14.0.1+7"/>
    <property name="sun.io.unicode.encoding" value="UnicodeLittle"/>
    <property name="java.class.version" value="58.0"/>
  </properties>
  <testcase name="testParamsWithOtherFieldParams" classname="com.amadeus.jira.plugin.issueview_field_allcustom_workaround.AllCustomFieldSwallowingServletRequestTest" time="0.285"/>
  <testcase name="testParamsWithNoOtherFieldParams" classname="com.amadeus.jira.plugin.issueview_field_allcustom_workaround.AllCustomFieldSwallowingServletRequestTest" time="0.001"/>
  <testcase name="testQueryPathRewrite" classname="com.amadeus.jira.plugin.issueview_field_allcustom_workaround.AllCustomFieldSwallowingServletRequestTest" time="0.01"/>
  <testcase name="testSingleNonAllcustomfieldParam" classname="com.amadeus.jira.plugin.issueview_field_allcustom_workaround.AllCustomFieldSwallowingServletRequestTest" time="0.002"/>
</testsuite>